{"/Users/fficnar/Projects/Shared Projects/JavaScript/nessa/webpack.config.js":{"path":"/Users/fficnar/Projects/Shared Projects/JavaScript/nessa/webpack.config.js","s":{"1":1,"2":1,"3":1,"4":1,"5":1,"6":1,"7":1},"b":{},"f":{},"fnMap":{},"statementMap":{"1":{"start":{"line":1,"column":0},"end":{"line":1,"column":34}},"2":{"start":{"line":3,"column":0},"end":{"line":3,"column":51}},"3":{"start":{"line":4,"column":0},"end":{"line":4,"column":36}},"4":{"start":{"line":5,"column":0},"end":{"line":5,"column":38}},"5":{"start":{"line":7,"column":0},"end":{"line":7,"column":87}},"6":{"start":{"line":9,"column":0},"end":{"line":9,"column":46}},"7":{"start":{"line":11,"column":0},"end":{"line":46,"column":1}}},"branchMap":{}},"/Users/fficnar/Projects/Shared Projects/JavaScript/nessa/library/file-system.js":{"path":"/Users/fficnar/Projects/Shared Projects/JavaScript/nessa/library/file-system.js","s":{"1":1,"2":1,"3":1,"4":1,"5":1,"6":1,"7":1,"8":1,"9":1,"10":1,"11":1,"12":1,"13":1,"14":1,"15":1,"16":1,"17":1,"18":1,"19":1,"20":9,"21":1,"22":1,"23":1,"24":1,"25":0,"26":0,"27":0,"28":0,"29":1,"30":0,"31":0,"32":0,"33":1,"34":0,"35":0,"36":0,"37":0,"38":0,"39":0,"40":1,"41":1,"42":1,"43":1,"44":1,"45":1,"46":1,"47":1,"48":1},"b":{"1":[0,9],"2":[9,9],"3":[0,0],"4":[0,0]},"f":{"1":9,"2":0,"3":0,"4":0,"5":0,"6":0,"7":0,"8":0},"fnMap":{"1":{"name":"_interopRequireDefault","line":39,"loc":{"start":{"line":39,"column":0},"end":{"line":39,"column":37}}},"2":{"name":"(anonymous_2)","line":46,"loc":{"start":{"line":46,"column":26},"end":{"line":46,"column":58}}},"3":{"name":"(anonymous_3)","line":47,"loc":{"start":{"line":47,"column":32},"end":{"line":47,"column":49}}},"4":{"name":"(anonymous_4)","line":56,"loc":{"start":{"line":56,"column":28},"end":{"line":56,"column":70}}},"5":{"name":"(anonymous_5)","line":63,"loc":{"start":{"line":63,"column":58},"end":{"line":63,"column":78}}},"6":{"name":"(anonymous_6)","line":68,"loc":{"start":{"line":68,"column":31},"end":{"line":68,"column":73}}},"7":{"name":"(anonymous_7)","line":75,"loc":{"start":{"line":75,"column":58},"end":{"line":75,"column":78}}},"8":{"name":"(anonymous_8)","line":76,"loc":{"start":{"line":76,"column":45},"end":{"line":76,"column":62}}}},"statementMap":{"1":{"start":{"line":3,"column":0},"end":{"line":3,"column":32}},"2":{"start":{"line":5,"column":0},"end":{"line":5,"column":47}},"3":{"start":{"line":7,"column":0},"end":{"line":7,"column":24}},"4":{"start":{"line":9,"column":0},"end":{"line":9,"column":39}},"5":{"start":{"line":11,"column":0},"end":{"line":11,"column":45}},"6":{"start":{"line":13,"column":0},"end":{"line":13,"column":59}},"7":{"start":{"line":15,"column":0},"end":{"line":15,"column":30}},"8":{"start":{"line":17,"column":0},"end":{"line":17,"column":45}},"9":{"start":{"line":19,"column":0},"end":{"line":19,"column":28}},"10":{"start":{"line":21,"column":0},"end":{"line":21,"column":41}},"11":{"start":{"line":23,"column":0},"end":{"line":23,"column":30}},"12":{"start":{"line":25,"column":0},"end":{"line":25,"column":43}},"13":{"start":{"line":27,"column":0},"end":{"line":27,"column":36}},"14":{"start":{"line":29,"column":0},"end":{"line":29,"column":49}},"15":{"start":{"line":31,"column":0},"end":{"line":31,"column":56}},"16":{"start":{"line":33,"column":0},"end":{"line":33,"column":61}},"17":{"start":{"line":35,"column":0},"end":{"line":35,"column":54}},"18":{"start":{"line":37,"column":0},"end":{"line":37,"column":59}},"19":{"start":{"line":39,"column":0},"end":{"line":39,"column":95}},"20":{"start":{"line":39,"column":39},"end":{"line":39,"column":93}},"21":{"start":{"line":41,"column":0},"end":{"line":41,"column":45}},"22":{"start":{"line":43,"column":0},"end":{"line":43,"column":37}},"23":{"start":{"line":44,"column":0},"end":{"line":44,"column":35}},"24":{"start":{"line":46,"column":0},"end":{"line":54,"column":2}},"25":{"start":{"line":47,"column":2},"end":{"line":53,"column":5}},"26":{"start":{"line":48,"column":4},"end":{"line":52,"column":5}},"27":{"start":{"line":49,"column":6},"end":{"line":49,"column":17}},"28":{"start":{"line":51,"column":6},"end":{"line":51,"column":40}},"29":{"start":{"line":56,"column":0},"end":{"line":66,"column":2}},"30":{"start":{"line":61,"column":2},"end":{"line":61,"column":126}},"31":{"start":{"line":63,"column":2},"end":{"line":65,"column":5}},"32":{"start":{"line":64,"column":4},"end":{"line":64,"column":62}},"33":{"start":{"line":68,"column":0},"end":{"line":84,"column":2}},"34":{"start":{"line":73,"column":2},"end":{"line":73,"column":129}},"35":{"start":{"line":75,"column":2},"end":{"line":83,"column":5}},"36":{"start":{"line":76,"column":4},"end":{"line":82,"column":7}},"37":{"start":{"line":77,"column":6},"end":{"line":81,"column":7}},"38":{"start":{"line":78,"column":8},"end":{"line":78,"column":19}},"39":{"start":{"line":80,"column":8},"end":{"line":80,"column":100}},"40":{"start":{"line":86,"column":0},"end":{"line":86,"column":24}},"41":{"start":{"line":87,"column":0},"end":{"line":87,"column":75}},"42":{"start":{"line":88,"column":0},"end":{"line":88,"column":87}},"43":{"start":{"line":89,"column":0},"end":{"line":89,"column":75}},"44":{"start":{"line":90,"column":0},"end":{"line":90,"column":79}},"45":{"start":{"line":91,"column":0},"end":{"line":91,"column":73}},"46":{"start":{"line":92,"column":0},"end":{"line":92,"column":75}},"47":{"start":{"line":93,"column":0},"end":{"line":93,"column":81}},"48":{"start":{"line":95,"column":0},"end":{"line":95,"column":28}}},"branchMap":{"1":{"line":39,"type":"cond-expr","locations":[{"start":{"line":39,"column":70},"end":{"line":39,"column":73}},{"start":{"line":39,"column":76},"end":{"line":39,"column":92}}]},"2":{"line":39,"type":"binary-expr","locations":[{"start":{"line":39,"column":46},"end":{"line":39,"column":49}},{"start":{"line":39,"column":53},"end":{"line":39,"column":67}}]},"3":{"line":48,"type":"if","locations":[{"start":{"line":48,"column":4},"end":{"line":48,"column":4}},{"start":{"line":48,"column":4},"end":{"line":48,"column":4}}]},"4":{"line":77,"type":"if","locations":[{"start":{"line":77,"column":6},"end":{"line":77,"column":6}},{"start":{"line":77,"column":6},"end":{"line":77,"column":6}}]}}},"/Users/fficnar/Projects/Shared Projects/JavaScript/nessa/library/log.js":{"path":"/Users/fficnar/Projects/Shared Projects/JavaScript/nessa/library/log.js","s":{"1":1,"2":1,"3":1,"4":1,"5":1,"6":1,"7":1,"8":1,"9":1,"10":4,"11":1,"12":1,"13":1,"14":1,"15":1,"16":1,"17":4180,"18":4180,"19":4180,"20":4180,"21":4180,"22":0,"23":0,"24":4180,"25":4180,"26":0,"27":4180,"28":1,"29":0,"30":0,"31":0,"32":1,"33":1,"34":1,"35":1,"36":1,"37":1,"38":1,"39":1,"40":1,"41":0,"42":0,"43":0,"44":0,"45":0,"46":0,"47":0,"48":0,"49":0,"50":0,"51":0,"52":0,"53":0,"54":0,"55":0,"56":0,"57":0,"58":0,"59":0,"60":0,"61":0,"62":0,"63":0,"64":0,"65":0,"66":0,"67":0,"68":0,"69":0,"70":0,"71":0,"72":0,"73":0,"74":0,"75":0,"76":0,"77":0,"78":0,"79":0,"80":0,"81":0,"82":0,"83":0,"84":0,"85":0,"86":0,"87":0,"88":0,"89":0,"90":0,"91":0,"92":0,"93":0,"94":0,"95":0,"96":0,"97":1,"98":564,"99":564,"100":564,"101":564,"102":0,"103":0,"104":0,"105":0,"106":0,"107":564,"108":564,"109":564,"110":564,"111":0,"112":0,"113":0,"114":564,"115":306,"116":258,"117":1,"118":0,"119":0,"120":1},"b":{"1":[0,4],"2":[4,4],"3":[1,0],"4":[0,4180,0],"5":[0,4180],"6":[4180,0],"7":[0,0],"8":[0,0],"9":[0,1],"10":[1,0],"11":[0,0],"12":[0,0,0,0,0,0],"13":[0,0],"14":[0,0],"15":[0,0],"16":[0,0,564,0],"17":[0,0],"18":[0,564],"19":[0,564],"20":[0,0],"21":[0,0],"22":[0,0],"23":[306,258],"24":[257,1],"25":[0,0],"26":[0,0]},"f":{"1":4,"2":1,"3":4180,"4":0,"5":1,"6":1,"7":1,"8":0,"9":0,"10":0,"11":0,"12":0,"13":0,"14":564,"15":0},"fnMap":{"1":{"name":"_interopRequireDefault","line":19,"loc":{"start":{"line":19,"column":0},"end":{"line":19,"column":37}}},"2":{"name":"(anonymous_2)","line":24,"loc":{"start":{"line":24,"column":3},"end":{"line":24,"column":15}}},"3":{"name":"(anonymous_3)","line":30,"loc":{"start":{"line":30,"column":17},"end":{"line":30,"column":29}}},"4":{"name":"(anonymous_4)","line":63,"loc":{"start":{"line":63,"column":21},"end":{"line":63,"column":33}}},"5":{"name":"(anonymous_5)","line":76,"loc":{"start":{"line":76,"column":24},"end":{"line":76,"column":36}}},"6":{"name":"(anonymous_6)","line":80,"loc":{"start":{"line":80,"column":18},"end":{"line":80,"column":34}}},"7":{"name":"(anonymous_7)","line":96,"loc":{"start":{"line":96,"column":21},"end":{"line":96,"column":37}}},"8":{"name":"(anonymous_8)","line":106,"loc":{"start":{"line":106,"column":12},"end":{"line":106,"column":24}}},"9":{"name":"(anonymous_9)","line":168,"loc":{"start":{"line":168,"column":19},"end":{"line":168,"column":38}}},"10":{"name":"(anonymous_10)","line":174,"loc":{"start":{"line":174,"column":14},"end":{"line":174,"column":26}}},"11":{"name":"(anonymous_11)","line":183,"loc":{"start":{"line":183,"column":13},"end":{"line":183,"column":25}}},"12":{"name":"(anonymous_12)","line":192,"loc":{"start":{"line":192,"column":13},"end":{"line":192,"column":25}}},"13":{"name":"(anonymous_13)","line":201,"loc":{"start":{"line":201,"column":14},"end":{"line":201,"column":26}}},"14":{"name":"(anonymous_14)","line":211,"loc":{"start":{"line":211,"column":14},"end":{"line":211,"column":26}}},"15":{"name":"(anonymous_15)","line":246,"loc":{"start":{"line":246,"column":11},"end":{"line":246,"column":23}}}},"statementMap":{"1":{"start":{"line":3,"column":0},"end":{"line":3,"column":29}},"2":{"start":{"line":5,"column":0},"end":{"line":5,"column":39}},"3":{"start":{"line":7,"column":0},"end":{"line":7,"column":41}},"4":{"start":{"line":9,"column":0},"end":{"line":9,"column":55}},"5":{"start":{"line":11,"column":0},"end":{"line":11,"column":26}},"6":{"start":{"line":13,"column":0},"end":{"line":13,"column":41}},"7":{"start":{"line":15,"column":0},"end":{"line":15,"column":28}},"8":{"start":{"line":17,"column":0},"end":{"line":17,"column":43}},"9":{"start":{"line":19,"column":0},"end":{"line":19,"column":95}},"10":{"start":{"line":19,"column":39},"end":{"line":19,"column":93}},"11":{"start":{"line":21,"column":0},"end":{"line":21,"column":15}},"12":{"start":{"line":23,"column":0},"end":{"line":209,"column":1}},"13":{"start":{"line":24,"column":2},"end":{"line":101,"column":7}},"14":{"start":{"line":26,"column":4},"end":{"line":26,"column":37}},"15":{"start":{"line":28,"column":4},"end":{"line":28,"column":33}},"16":{"start":{"line":30,"column":4},"end":{"line":61,"column":6}},"17":{"start":{"line":32,"column":6},"end":{"line":32,"column":41}},"18":{"start":{"line":34,"column":6},"end":{"line":34,"column":25}},"19":{"start":{"line":36,"column":6},"end":{"line":38,"column":7}},"20":{"start":{"line":37,"column":8},"end":{"line":37,"column":43}},"21":{"start":{"line":40,"column":6},"end":{"line":58,"column":7}},"22":{"start":{"line":42,"column":10},"end":{"line":45,"column":12}},"23":{"start":{"line":46,"column":10},"end":{"line":46,"column":16}},"24":{"start":{"line":48,"column":10},"end":{"line":51,"column":28}},"25":{"start":{"line":52,"column":10},"end":{"line":52,"column":16}},"26":{"start":{"line":54,"column":10},"end":{"line":57,"column":12}},"27":{"start":{"line":60,"column":6},"end":{"line":60,"column":181}},"28":{"start":{"line":63,"column":4},"end":{"line":74,"column":6}},"29":{"start":{"line":64,"column":6},"end":{"line":64,"column":94}},"30":{"start":{"line":67,"column":6},"end":{"line":71,"column":9}},"31":{"start":{"line":73,"column":6},"end":{"line":73,"column":64}},"32":{"start":{"line":76,"column":4},"end":{"line":78,"column":6}},"33":{"start":{"line":77,"column":6},"end":{"line":77,"column":46}},"34":{"start":{"line":80,"column":4},"end":{"line":94,"column":6}},"35":{"start":{"line":81,"column":6},"end":{"line":81,"column":94}},"36":{"start":{"line":84,"column":6},"end":{"line":91,"column":9}},"37":{"start":{"line":93,"column":6},"end":{"line":93,"column":79}},"38":{"start":{"line":96,"column":4},"end":{"line":98,"column":6}},"39":{"start":{"line":97,"column":6},"end":{"line":97,"column":24}},"40":{"start":{"line":100,"column":4},"end":{"line":100,"column":24}},"41":{"start":{"line":104,"column":2},"end":{"line":104,"column":26}},"42":{"start":{"line":106,"column":2},"end":{"line":166,"column":4}},"43":{"start":{"line":107,"column":4},"end":{"line":109,"column":5}},"44":{"start":{"line":108,"column":6},"end":{"line":108,"column":43}},"45":{"start":{"line":111,"column":4},"end":{"line":111,"column":49}},"46":{"start":{"line":112,"column":4},"end":{"line":112,"column":23}},"47":{"start":{"line":114,"column":4},"end":{"line":136,"column":5}},"48":{"start":{"line":115,"column":6},"end":{"line":115,"column":43}},"49":{"start":{"line":117,"column":6},"end":{"line":135,"column":7}},"50":{"start":{"line":119,"column":10},"end":{"line":119,"column":46}},"51":{"start":{"line":120,"column":10},"end":{"line":120,"column":16}},"52":{"start":{"line":122,"column":10},"end":{"line":122,"column":48}},"53":{"start":{"line":123,"column":10},"end":{"line":123,"column":16}},"54":{"start":{"line":125,"column":10},"end":{"line":125,"column":47}},"55":{"start":{"line":126,"column":10},"end":{"line":126,"column":16}},"56":{"start":{"line":128,"column":10},"end":{"line":128,"column":47}},"57":{"start":{"line":129,"column":10},"end":{"line":129,"column":16}},"58":{"start":{"line":131,"column":10},"end":{"line":131,"column":48}},"59":{"start":{"line":132,"column":10},"end":{"line":132,"column":16}},"60":{"start":{"line":134,"column":10},"end":{"line":134,"column":46}},"61":{"start":{"line":138,"column":4},"end":{"line":165,"column":5}},"62":{"start":{"line":140,"column":6},"end":{"line":140,"column":25}},"63":{"start":{"line":141,"column":6},"end":{"line":141,"column":79}},"64":{"start":{"line":143,"column":6},"end":{"line":143,"column":121}},"65":{"start":{"line":145,"column":6},"end":{"line":145,"column":23}},"66":{"start":{"line":148,"column":11},"end":{"line":165,"column":5}},"67":{"start":{"line":150,"column":6},"end":{"line":150,"column":32}},"68":{"start":{"line":152,"column":6},"end":{"line":152,"column":60}},"69":{"start":{"line":153,"column":6},"end":{"line":153,"column":67}},"70":{"start":{"line":156,"column":6},"end":{"line":156,"column":38}},"71":{"start":{"line":158,"column":6},"end":{"line":158,"column":26}},"72":{"start":{"line":159,"column":6},"end":{"line":159,"column":108}},"73":{"start":{"line":161,"column":6},"end":{"line":161,"column":31}},"74":{"start":{"line":162,"column":6},"end":{"line":164,"column":17}},"75":{"start":{"line":168,"column":2},"end":{"line":172,"column":4}},"76":{"start":{"line":169,"column":4},"end":{"line":171,"column":7}},"77":{"start":{"line":174,"column":2},"end":{"line":181,"column":4}},"78":{"start":{"line":175,"column":4},"end":{"line":177,"column":5}},"79":{"start":{"line":176,"column":6},"end":{"line":176,"column":43}},"80":{"start":{"line":179,"column":4},"end":{"line":179,"column":32}},"81":{"start":{"line":180,"column":4},"end":{"line":180,"column":37}},"82":{"start":{"line":183,"column":2},"end":{"line":190,"column":4}},"83":{"start":{"line":184,"column":4},"end":{"line":186,"column":5}},"84":{"start":{"line":185,"column":6},"end":{"line":185,"column":43}},"85":{"start":{"line":188,"column":4},"end":{"line":188,"column":31}},"86":{"start":{"line":189,"column":4},"end":{"line":189,"column":37}},"87":{"start":{"line":192,"column":2},"end":{"line":199,"column":4}},"88":{"start":{"line":193,"column":4},"end":{"line":195,"column":5}},"89":{"start":{"line":194,"column":6},"end":{"line":194,"column":43}},"90":{"start":{"line":197,"column":4},"end":{"line":197,"column":31}},"91":{"start":{"line":198,"column":4},"end":{"line":198,"column":37}},"92":{"start":{"line":201,"column":2},"end":{"line":208,"column":4}},"93":{"start":{"line":202,"column":4},"end":{"line":204,"column":5}},"94":{"start":{"line":203,"column":6},"end":{"line":203,"column":43}},"95":{"start":{"line":206,"column":4},"end":{"line":206,"column":32}},"96":{"start":{"line":207,"column":4},"end":{"line":207,"column":37}},"97":{"start":{"line":211,"column":0},"end":{"line":244,"column":2}},"98":{"start":{"line":213,"column":2},"end":{"line":213,"column":19}},"99":{"start":{"line":214,"column":2},"end":{"line":214,"column":18}},"100":{"start":{"line":215,"column":2},"end":{"line":215,"column":20}},"101":{"start":{"line":217,"column":2},"end":{"line":234,"column":3}},"102":{"start":{"line":219,"column":6},"end":{"line":219,"column":12}},"103":{"start":{"line":221,"column":6},"end":{"line":221,"column":22}},"104":{"start":{"line":222,"column":6},"end":{"line":222,"column":50}},"105":{"start":{"line":223,"column":6},"end":{"line":223,"column":64}},"106":{"start":{"line":224,"column":6},"end":{"line":224,"column":12}},"107":{"start":{"line":226,"column":6},"end":{"line":226,"column":22}},"108":{"start":{"line":227,"column":6},"end":{"line":227,"column":62}},"109":{"start":{"line":228,"column":6},"end":{"line":228,"column":64}},"110":{"start":{"line":229,"column":6},"end":{"line":229,"column":12}},"111":{"start":{"line":231,"column":6},"end":{"line":231,"column":63}},"112":{"start":{"line":232,"column":6},"end":{"line":232,"column":62}},"113":{"start":{"line":233,"column":6},"end":{"line":233,"column":64}},"114":{"start":{"line":236,"column":2},"end":{"line":243,"column":3}},"115":{"start":{"line":237,"column":4},"end":{"line":237,"column":58}},"116":{"start":{"line":239,"column":4},"end":{"line":242,"column":30}},"117":{"start":{"line":246,"column":0},"end":{"line":250,"column":2}},"118":{"start":{"line":247,"column":2},"end":{"line":247,"column":90}},"119":{"start":{"line":249,"column":2},"end":{"line":249,"column":34}},"120":{"start":{"line":252,"column":0},"end":{"line":252,"column":21}}},"branchMap":{"1":{"line":19,"type":"cond-expr","locations":[{"start":{"line":19,"column":70},"end":{"line":19,"column":73}},{"start":{"line":19,"column":76},"end":{"line":19,"column":92}}]},"2":{"line":19,"type":"binary-expr","locations":[{"start":{"line":19,"column":46},"end":{"line":19,"column":49}},{"start":{"line":19,"column":53},"end":{"line":19,"column":67}}]},"3":{"line":23,"type":"if","locations":[{"start":{"line":23,"column":0},"end":{"line":23,"column":0}},{"start":{"line":23,"column":0},"end":{"line":23,"column":0}}]},"4":{"line":40,"type":"switch","locations":[{"start":{"line":41,"column":8},"end":{"line":46,"column":16}},{"start":{"line":47,"column":8},"end":{"line":52,"column":16}},{"start":{"line":53,"column":8},"end":{"line":57,"column":12}}]},"5":{"line":48,"type":"cond-expr","locations":[{"start":{"line":48,"column":57},"end":{"line":51,"column":11}},{"start":{"line":51,"column":14},"end":{"line":51,"column":27}}]},"6":{"line":60,"type":"cond-expr","locations":[{"start":{"line":60,"column":159},"end":{"line":60,"column":174}},{"start":{"line":60,"column":177},"end":{"line":60,"column":179}}]},"7":{"line":64,"type":"cond-expr","locations":[{"start":{"line":64,"column":71},"end":{"line":64,"column":83}},{"start":{"line":64,"column":86},"end":{"line":64,"column":93}}]},"8":{"line":64,"type":"binary-expr","locations":[{"start":{"line":64,"column":18},"end":{"line":64,"column":38}},{"start":{"line":64,"column":42},"end":{"line":64,"column":68}}]},"9":{"line":81,"type":"cond-expr","locations":[{"start":{"line":81,"column":71},"end":{"line":81,"column":83}},{"start":{"line":81,"column":86},"end":{"line":81,"column":93}}]},"10":{"line":81,"type":"binary-expr","locations":[{"start":{"line":81,"column":18},"end":{"line":81,"column":38}},{"start":{"line":81,"column":42},"end":{"line":81,"column":68}}]},"11":{"line":114,"type":"if","locations":[{"start":{"line":114,"column":4},"end":{"line":114,"column":4}},{"start":{"line":114,"column":4},"end":{"line":114,"column":4}}]},"12":{"line":117,"type":"switch","locations":[{"start":{"line":118,"column":8},"end":{"line":120,"column":16}},{"start":{"line":121,"column":8},"end":{"line":123,"column":16}},{"start":{"line":124,"column":8},"end":{"line":126,"column":16}},{"start":{"line":127,"column":8},"end":{"line":129,"column":16}},{"start":{"line":130,"column":8},"end":{"line":132,"column":16}},{"start":{"line":133,"column":8},"end":{"line":134,"column":46}}]},"13":{"line":138,"type":"if","locations":[{"start":{"line":138,"column":4},"end":{"line":138,"column":4}},{"start":{"line":138,"column":4},"end":{"line":138,"column":4}}]},"14":{"line":143,"type":"binary-expr","locations":[{"start":{"line":143,"column":106},"end":{"line":143,"column":113}},{"start":{"line":143,"column":117},"end":{"line":143,"column":119}}]},"15":{"line":148,"type":"if","locations":[{"start":{"line":148,"column":11},"end":{"line":148,"column":11}},{"start":{"line":148,"column":11},"end":{"line":148,"column":11}}]},"16":{"line":217,"type":"switch","locations":[{"start":{"line":218,"column":4},"end":{"line":219,"column":12}},{"start":{"line":220,"column":4},"end":{"line":224,"column":12}},{"start":{"line":225,"column":4},"end":{"line":229,"column":12}},{"start":{"line":230,"column":4},"end":{"line":233,"column":64}}]},"17":{"line":223,"type":"cond-expr","locations":[{"start":{"line":223,"column":39},"end":{"line":223,"column":48}},{"start":{"line":223,"column":51},"end":{"line":223,"column":63}}]},"18":{"line":227,"type":"cond-expr","locations":[{"start":{"line":227,"column":37},"end":{"line":227,"column":46}},{"start":{"line":227,"column":49},"end":{"line":227,"column":61}}]},"19":{"line":228,"type":"cond-expr","locations":[{"start":{"line":228,"column":39},"end":{"line":228,"column":48}},{"start":{"line":228,"column":51},"end":{"line":228,"column":63}}]},"20":{"line":231,"type":"cond-expr","locations":[{"start":{"line":231,"column":38},"end":{"line":231,"column":47}},{"start":{"line":231,"column":50},"end":{"line":231,"column":62}}]},"21":{"line":232,"type":"cond-expr","locations":[{"start":{"line":232,"column":37},"end":{"line":232,"column":46}},{"start":{"line":232,"column":49},"end":{"line":232,"column":61}}]},"22":{"line":233,"type":"cond-expr","locations":[{"start":{"line":233,"column":39},"end":{"line":233,"column":48}},{"start":{"line":233,"column":51},"end":{"line":233,"column":63}}]},"23":{"line":236,"type":"if","locations":[{"start":{"line":236,"column":2},"end":{"line":236,"column":2}},{"start":{"line":236,"column":2},"end":{"line":236,"column":2}}]},"24":{"line":239,"type":"cond-expr","locations":[{"start":{"line":239,"column":53},"end":{"line":242,"column":6}},{"start":{"line":242,"column":9},"end":{"line":242,"column":20}}]},"25":{"line":247,"type":"cond-expr","locations":[{"start":{"line":247,"column":67},"end":{"line":247,"column":79}},{"start":{"line":247,"column":82},"end":{"line":247,"column":89}}]},"26":{"line":247,"type":"binary-expr","locations":[{"start":{"line":247,"column":14},"end":{"line":247,"column":34}},{"start":{"line":247,"column":38},"end":{"line":247,"column":64}}]}}},"/Users/fficnar/Projects/Shared Projects/JavaScript/nessa/library/path.js":{"path":"/Users/fficnar/Projects/Shared Projects/JavaScript/nessa/library/path.js","s":{"1":1,"2":1,"3":1,"4":1,"5":1,"6":1,"7":1,"8":3,"9":1,"10":1,"11":0,"12":1,"13":0,"14":1},"b":{"1":[0,3],"2":[3,3],"3":[0,0]},"f":{"1":3,"2":0,"3":0},"fnMap":{"1":{"name":"_interopRequireDefault","line":15,"loc":{"start":{"line":15,"column":0},"end":{"line":15,"column":37}}},"2":{"name":"(anonymous_2)","line":19,"loc":{"start":{"line":19,"column":15},"end":{"line":19,"column":31}}},"3":{"name":"(anonymous_3)","line":23,"loc":{"start":{"line":23,"column":12},"end":{"line":23,"column":28}}}},"statementMap":{"1":{"start":{"line":3,"column":0},"end":{"line":3,"column":28}},"2":{"start":{"line":5,"column":0},"end":{"line":5,"column":43}},"3":{"start":{"line":7,"column":0},"end":{"line":7,"column":43}},"4":{"start":{"line":9,"column":0},"end":{"line":9,"column":57}},"5":{"start":{"line":11,"column":0},"end":{"line":11,"column":36}},"6":{"start":{"line":13,"column":0},"end":{"line":13,"column":49}},"7":{"start":{"line":15,"column":0},"end":{"line":15,"column":95}},"8":{"start":{"line":15,"column":39},"end":{"line":15,"column":93}},"9":{"start":{"line":17,"column":0},"end":{"line":17,"column":41}},"10":{"start":{"line":19,"column":0},"end":{"line":21,"column":2}},"11":{"start":{"line":20,"column":2},"end":{"line":20,"column":73}},"12":{"start":{"line":23,"column":0},"end":{"line":28,"column":2}},"13":{"start":{"line":27,"column":2},"end":{"line":27,"column":52}},"14":{"start":{"line":30,"column":0},"end":{"line":30,"column":22}}},"branchMap":{"1":{"line":15,"type":"cond-expr","locations":[{"start":{"line":15,"column":70},"end":{"line":15,"column":73}},{"start":{"line":15,"column":76},"end":{"line":15,"column":92}}]},"2":{"line":15,"type":"binary-expr","locations":[{"start":{"line":15,"column":46},"end":{"line":15,"column":49}},{"start":{"line":15,"column":53},"end":{"line":15,"column":67}}]},"3":{"line":20,"type":"cond-expr","locations":[{"start":{"line":20,"column":33},"end":{"line":20,"column":37}},{"start":{"line":20,"column":40},"end":{"line":20,"column":72}}]}}},"/Users/fficnar/Projects/Shared Projects/JavaScript/nessa/library/process.js":{"path":"/Users/fficnar/Projects/Shared Projects/JavaScript/nessa/library/process.js","s":{"1":1,"2":1,"3":1,"4":1,"5":1,"6":1,"7":1,"8":1,"9":1,"10":1,"11":1,"12":5,"13":1,"14":1,"15":1,"16":0,"17":0,"18":0,"19":0,"20":0,"21":0,"22":0,"23":0,"24":0,"25":0,"26":0,"27":0,"28":0,"29":0,"30":1,"31":0,"32":0,"33":0,"34":0,"35":0,"36":0,"37":0,"38":0,"39":0,"40":1,"41":0,"42":0,"43":0,"44":0,"45":0,"46":0,"47":0,"48":0,"49":0,"50":0,"51":1,"52":0,"53":0,"54":0,"55":0,"56":0,"57":0,"58":0,"59":1,"60":0,"61":0,"62":0,"63":0,"64":0,"65":1},"b":{"1":[0,5],"2":[5,5],"3":[0,0],"4":[0,0],"5":[0,0],"6":[0,0],"7":[0,0],"8":[0,0],"9":[0,0],"10":[0,0],"11":[0,0]},"f":{"1":5,"2":0,"3":0,"4":0,"5":0,"6":0,"7":0,"8":0,"9":0,"10":0,"11":0,"12":0},"fnMap":{"1":{"name":"_interopRequireDefault","line":23,"loc":{"start":{"line":23,"column":0},"end":{"line":23,"column":37}}},"2":{"name":"(anonymous_2)","line":29,"loc":{"start":{"line":29,"column":15},"end":{"line":29,"column":59}}},"3":{"name":"(anonymous_3)","line":35,"loc":{"start":{"line":35,"column":21},"end":{"line":35,"column":48}}},"4":{"name":"waitLoop","line":37,"loc":{"start":{"line":37,"column":19},"end":{"line":37,"column":44}}},"5":{"name":"(anonymous_5)","line":41,"loc":{"start":{"line":41,"column":13},"end":{"line":41,"column":30}}},"6":{"name":"(anonymous_6)","line":43,"loc":{"start":{"line":43,"column":21},"end":{"line":43,"column":33}}},"7":{"name":"(anonymous_7)","line":60,"loc":{"start":{"line":60,"column":20},"end":{"line":60,"column":36}}},"8":{"name":"(anonymous_8)","line":85,"loc":{"start":{"line":85,"column":20},"end":{"line":85,"column":36}}},"9":{"name":"(anonymous_9)","line":100,"loc":{"start":{"line":100,"column":23},"end":{"line":100,"column":35}}},"10":{"name":"(anonymous_10)","line":112,"loc":{"start":{"line":112,"column":18},"end":{"line":112,"column":34}}},"11":{"name":"(anonymous_11)","line":135,"loc":{"start":{"line":135,"column":15},"end":{"line":135,"column":27}}},"12":{"name":"(anonymous_12)","line":143,"loc":{"start":{"line":143,"column":13},"end":{"line":143,"column":25}}}},"statementMap":{"1":{"start":{"line":3,"column":0},"end":{"line":3,"column":43}},"2":{"start":{"line":5,"column":0},"end":{"line":5,"column":55}},"3":{"start":{"line":7,"column":0},"end":{"line":7,"column":28}},"4":{"start":{"line":9,"column":0},"end":{"line":9,"column":41}},"5":{"start":{"line":11,"column":0},"end":{"line":11,"column":30}},"6":{"start":{"line":13,"column":0},"end":{"line":13,"column":43}},"7":{"start":{"line":15,"column":0},"end":{"line":15,"column":56}},"8":{"start":{"line":17,"column":0},"end":{"line":17,"column":61}},"9":{"start":{"line":19,"column":0},"end":{"line":19,"column":54}},"10":{"start":{"line":21,"column":0},"end":{"line":21,"column":59}},"11":{"start":{"line":23,"column":0},"end":{"line":23,"column":95}},"12":{"start":{"line":23,"column":39},"end":{"line":23,"column":93}},"13":{"start":{"line":25,"column":0},"end":{"line":25,"column":24}},"14":{"start":{"line":27,"column":0},"end":{"line":27,"column":37}},"15":{"start":{"line":29,"column":0},"end":{"line":58,"column":2}},"16":{"start":{"line":33,"column":2},"end":{"line":33,"column":90}},"17":{"start":{"line":35,"column":2},"end":{"line":57,"column":5}},"18":{"start":{"line":37,"column":4},"end":{"line":54,"column":6}},"19":{"start":{"line":39,"column":6},"end":{"line":39,"column":40}},"20":{"start":{"line":41,"column":6},"end":{"line":53,"column":9}},"21":{"start":{"line":42,"column":8},"end":{"line":52,"column":9}},"22":{"start":{"line":43,"column":10},"end":{"line":45,"column":22}},"23":{"start":{"line":44,"column":12},"end":{"line":44,"column":35}},"24":{"start":{"line":46,"column":15},"end":{"line":52,"column":9}},"25":{"start":{"line":47,"column":10},"end":{"line":47,"column":120}},"26":{"start":{"line":48,"column":10},"end":{"line":48,"column":67}},"27":{"start":{"line":50,"column":10},"end":{"line":50,"column":98}},"28":{"start":{"line":51,"column":10},"end":{"line":51,"column":20}},"29":{"start":{"line":56,"column":4},"end":{"line":56,"column":25}},"30":{"start":{"line":60,"column":0},"end":{"line":83,"column":2}},"31":{"start":{"line":65,"column":2},"end":{"line":69,"column":3}},"32":{"start":{"line":66,"column":4},"end":{"line":66,"column":69}},"33":{"start":{"line":68,"column":4},"end":{"line":68,"column":17}},"34":{"start":{"line":71,"column":2},"end":{"line":73,"column":5}},"35":{"start":{"line":75,"column":2},"end":{"line":80,"column":3}},"36":{"start":{"line":76,"column":4},"end":{"line":76,"column":25}},"37":{"start":{"line":78,"column":4},"end":{"line":78,"column":42}},"38":{"start":{"line":79,"column":4},"end":{"line":79,"column":17}},"39":{"start":{"line":82,"column":2},"end":{"line":82,"column":14}},"40":{"start":{"line":85,"column":0},"end":{"line":110,"column":2}},"41":{"start":{"line":90,"column":2},"end":{"line":90,"column":76}},"42":{"start":{"line":92,"column":2},"end":{"line":107,"column":3}},"43":{"start":{"line":93,"column":4},"end":{"line":93,"column":92}},"44":{"start":{"line":96,"column":4},"end":{"line":98,"column":7}},"45":{"start":{"line":100,"column":4},"end":{"line":106,"column":7}},"46":{"start":{"line":101,"column":6},"end":{"line":101,"column":94}},"47":{"start":{"line":102,"column":6},"end":{"line":105,"column":24}},"48":{"start":{"line":103,"column":8},"end":{"line":103,"column":73}},"49":{"start":{"line":104,"column":8},"end":{"line":104,"column":46}},"50":{"start":{"line":109,"column":2},"end":{"line":109,"column":14}},"51":{"start":{"line":112,"column":0},"end":{"line":133,"column":2}},"52":{"start":{"line":113,"column":2},"end":{"line":113,"column":92}},"53":{"start":{"line":119,"column":2},"end":{"line":119,"column":86}},"54":{"start":{"line":121,"column":2},"end":{"line":130,"column":3}},"55":{"start":{"line":123,"column":4},"end":{"line":125,"column":7}},"56":{"start":{"line":127,"column":4},"end":{"line":127,"column":30}},"57":{"start":{"line":129,"column":4},"end":{"line":129,"column":100}},"58":{"start":{"line":132,"column":2},"end":{"line":132,"column":14}},"59":{"start":{"line":135,"column":0},"end":{"line":148,"column":2}},"60":{"start":{"line":136,"column":2},"end":{"line":136,"column":83}},"61":{"start":{"line":141,"column":2},"end":{"line":141,"column":54}},"62":{"start":{"line":143,"column":2},"end":{"line":145,"column":19}},"63":{"start":{"line":144,"column":4},"end":{"line":144,"column":30}},"64":{"start":{"line":147,"column":2},"end":{"line":147,"column":14}},"65":{"start":{"line":150,"column":0},"end":{"line":150,"column":25}}},"branchMap":{"1":{"line":23,"type":"cond-expr","locations":[{"start":{"line":23,"column":70},"end":{"line":23,"column":73}},{"start":{"line":23,"column":76},"end":{"line":23,"column":92}}]},"2":{"line":23,"type":"binary-expr","locations":[{"start":{"line":23,"column":46},"end":{"line":23,"column":49}},{"start":{"line":23,"column":53},"end":{"line":23,"column":67}}]},"3":{"line":42,"type":"if","locations":[{"start":{"line":42,"column":8},"end":{"line":42,"column":8}},{"start":{"line":42,"column":8},"end":{"line":42,"column":8}}]},"4":{"line":42,"type":"binary-expr","locations":[{"start":{"line":42,"column":12},"end":{"line":42,"column":17}},{"start":{"line":42,"column":21},"end":{"line":42,"column":47}}]},"5":{"line":46,"type":"if","locations":[{"start":{"line":46,"column":15},"end":{"line":46,"column":15}},{"start":{"line":46,"column":15},"end":{"line":46,"column":15}}]},"6":{"line":92,"type":"if","locations":[{"start":{"line":92,"column":2},"end":{"line":92,"column":2}},{"start":{"line":92,"column":2},"end":{"line":92,"column":2}}]},"7":{"line":113,"type":"cond-expr","locations":[{"start":{"line":113,"column":68},"end":{"line":113,"column":80}},{"start":{"line":113,"column":83},"end":{"line":113,"column":91}}]},"8":{"line":113,"type":"binary-expr","locations":[{"start":{"line":113,"column":15},"end":{"line":113,"column":35}},{"start":{"line":113,"column":39},"end":{"line":113,"column":65}}]},"9":{"line":121,"type":"if","locations":[{"start":{"line":121,"column":2},"end":{"line":121,"column":2}},{"start":{"line":121,"column":2},"end":{"line":121,"column":2}}]},"10":{"line":136,"type":"cond-expr","locations":[{"start":{"line":136,"column":66},"end":{"line":136,"column":78}},{"start":{"line":136,"column":81},"end":{"line":136,"column":82}}]},"11":{"line":136,"type":"binary-expr","locations":[{"start":{"line":136,"column":13},"end":{"line":136,"column":33}},{"start":{"line":136,"column":37},"end":{"line":136,"column":63}}]}}},"/Users/fficnar/Projects/Shared Projects/JavaScript/nessa/library/errors/argument-error.js":{"path":"/Users/fficnar/Projects/Shared Projects/JavaScript/nessa/library/errors/argument-error.js","s":{"1":1,"2":0,"3":0,"4":0,"5":1,"6":1,"7":1,"8":1},"b":{},"f":{"1":0},"fnMap":{"1":{"name":"ArgumentError","line":3,"loc":{"start":{"line":3,"column":0},"end":{"line":3,"column":32}}}},"statementMap":{"1":{"start":{"line":3,"column":0},"end":{"line":9,"column":1}},"2":{"start":{"line":5,"column":2},"end":{"line":5,"column":19}},"3":{"start":{"line":6,"column":2},"end":{"line":6,"column":47}},"4":{"start":{"line":8,"column":2},"end":{"line":8,"column":25}},"5":{"start":{"line":11,"column":0},"end":{"line":11,"column":57}},"6":{"start":{"line":12,"column":0},"end":{"line":12,"column":52}},"7":{"start":{"line":13,"column":0},"end":{"line":13,"column":50}},"8":{"start":{"line":15,"column":0},"end":{"line":15,"column":31}}},"branchMap":{}},"/Users/fficnar/Projects/Shared Projects/JavaScript/nessa/library/errors/process-error.js":{"path":"/Users/fficnar/Projects/Shared Projects/JavaScript/nessa/library/errors/process-error.js","s":{"1":1,"2":0,"3":0,"4":0,"5":0,"6":1,"7":1,"8":1,"9":1},"b":{},"f":{"1":0},"fnMap":{"1":{"name":"ProcessError","line":3,"loc":{"start":{"line":3,"column":0},"end":{"line":3,"column":37}}}},"statementMap":{"1":{"start":{"line":3,"column":0},"end":{"line":10,"column":1}},"2":{"start":{"line":5,"column":2},"end":{"line":5,"column":19}},"3":{"start":{"line":6,"column":2},"end":{"line":6,"column":46}},"4":{"start":{"line":8,"column":2},"end":{"line":8,"column":25}},"5":{"start":{"line":9,"column":2},"end":{"line":9,"column":19}},"6":{"start":{"line":12,"column":0},"end":{"line":12,"column":56}},"7":{"start":{"line":13,"column":0},"end":{"line":13,"column":50}},"8":{"start":{"line":14,"column":0},"end":{"line":14,"column":48}},"9":{"start":{"line":16,"column":0},"end":{"line":16,"column":30}}},"branchMap":{}},"/Users/fficnar/Projects/Shared Projects/JavaScript/nessa/library/transform.js":{"path":"/Users/fficnar/Projects/Shared Projects/JavaScript/nessa/library/transform.js","s":{"1":1,"2":1,"3":1,"4":1,"5":1,"6":1,"7":1,"8":1,"9":1,"10":1,"11":1,"12":1,"13":1,"14":1,"15":1,"16":1,"17":1,"18":1,"19":1,"20":1,"21":1,"22":1,"23":1,"24":1,"25":1,"26":1,"27":1,"28":1,"29":1,"30":1,"31":1,"32":14,"33":1,"34":1,"35":83,"36":83,"37":83,"38":83,"39":83,"40":519,"41":519,"42":519,"43":88,"44":85,"45":4,"46":4,"47":12,"48":12,"49":65,"50":63,"51":31,"52":31,"53":2,"54":2,"55":8,"56":8,"57":6,"58":6,"59":1,"60":1,"61":6,"62":6,"63":4,"64":4,"65":16,"66":16,"67":1,"68":1,"69":157,"70":152,"71":118,"72":118,"73":0,"74":83,"75":122,"76":122,"77":122,"78":122,"79":122,"80":122,"81":208,"82":119,"83":119,"84":83,"85":4,"86":4,"87":4,"88":4,"89":12,"90":4,"91":83,"92":12,"93":12,"94":12,"95":4,"96":4,"97":8,"98":8,"99":7,"100":6,"101":7,"102":83,"103":65,"104":65,"105":65,"106":65,"107":65,"108":30,"109":28,"110":2,"111":35,"112":35,"113":2,"114":2,"115":2,"116":33,"117":83,"118":31,"119":31,"120":31,"121":31,"122":1,"123":83,"124":2,"125":2,"126":2,"127":1,"128":3,"129":3,"130":3,"131":2,"132":83,"133":8,"134":8,"135":8,"136":8,"137":8,"138":8,"139":8,"140":7,"141":7,"142":7,"143":83,"144":6,"145":6,"146":6,"147":6,"148":6,"149":6,"150":6,"151":6,"152":6,"153":1,"154":6,"155":83,"156":1,"157":1,"158":1,"159":1,"160":1,"161":1,"162":83,"163":6,"164":6,"165":6,"166":6,"167":83,"168":4,"169":4,"170":4,"171":7,"172":3,"173":4,"174":4,"175":4,"176":4,"177":4,"178":3,"179":1,"180":83,"181":16,"182":16,"183":16,"184":16,"185":10,"186":10,"187":2,"188":2,"189":2,"190":10,"191":2,"192":10,"193":1,"194":1,"195":1,"196":1,"197":1,"198":1,"199":1,"200":10,"201":10,"202":10,"203":10,"204":10,"205":10,"206":6,"207":6,"208":6,"209":7,"210":6,"211":6,"212":83,"213":1,"214":1,"215":83,"216":157,"217":157,"218":157,"219":157,"220":1,"221":156,"222":156,"223":62,"224":62,"225":62,"226":156,"227":3,"228":156,"229":82,"230":156,"231":3,"232":156,"233":133,"234":133,"235":133,"236":133,"237":200,"238":129,"239":129,"240":152,"241":152,"242":152,"243":152,"244":152,"245":152,"246":83,"247":84,"248":84,"249":84,"250":84,"251":84,"252":84,"253":82,"254":2,"255":84,"256":84,"257":84,"258":44,"259":40,"260":84,"261":83,"262":3,"263":3,"264":3,"265":3,"266":3,"267":3,"268":3,"269":3,"270":3,"271":3,"272":83,"273":118,"274":118,"275":118,"276":83,"277":83,"278":83,"279":83,"280":83,"281":83,"282":80,"283":80,"284":80,"285":1,"286":83,"287":83,"288":83,"289":83,"290":83,"291":83,"292":80,"293":80,"294":80,"295":80,"296":1,"297":0,"298":0,"299":0,"300":0,"301":0,"302":0,"303":1,"304":83,"305":83,"306":83,"307":83,"308":83,"309":80,"310":80,"311":1,"312":80,"313":80,"314":80,"315":80,"316":80,"317":80,"318":80,"319":1},"b":{"1":[0,14],"2":[14,14],"3":[88,4,12,65,31,2,8,6,1,6,4,16,1,157,118,0],"4":[122,0],"5":[4,8],"6":[7,1],"7":[1,6],"8":[7,7,1],"9":[30,35],"10":[28,2],"11":[2,33],"12":[1,30],"13":[1,1],"14":[8,0],"15":[7,1],"16":[2,4],"17":[6,0],"18":[1,5],"19":[1,0],"20":[3,1],"21":[10,6],"22":[2,8],"23":[1,9],"24":[10,1],"25":[2,8],"26":[1,9],"27":[10,1],"28":[6,4],"29":[4,2],"30":[1,156],"31":[62,94],"32":[156,94],"33":[3,153],"34":[133,23],"35":[61,91],"36":[152,91],"37":[129,23],"38":[2,82],"39":[84,2],"40":[82,2],"41":[44,40],"42":[83,0],"43":[83,83],"44":[80,0]},"f":{"1":14,"2":83,"3":519,"4":122,"5":208,"6":4,"7":12,"8":12,"9":65,"10":31,"11":2,"12":3,"13":3,"14":3,"15":2,"16":8,"17":6,"18":1,"19":6,"20":4,"21":7,"22":3,"23":16,"24":2,"25":1,"26":7,"27":1,"28":157,"29":82,"30":3,"31":200,"32":84,"33":3,"34":118,"35":83,"36":0,"37":83,"38":80},"fnMap":{"1":{"name":"_interopRequireDefault","line":63,"loc":{"start":{"line":63,"column":0},"end":{"line":63,"column":37}}},"2":{"name":"(anonymous_2)","line":68,"loc":{"start":{"line":68,"column":19},"end":{"line":68,"column":56}}},"3":{"name":"processNode","line":74,"loc":{"start":{"line":74,"column":20},"end":{"line":74,"column":47}}},"4":{"name":"processBlock","line":138,"loc":{"start":{"line":138,"column":21},"end":{"line":138,"column":49}}},"5":{"name":"(anonymous_5)","line":145,"loc":{"start":{"line":145,"column":25},"end":{"line":145,"column":46}}},"6":{"name":"processCase","line":153,"loc":{"start":{"line":153,"column":20},"end":{"line":153,"column":47}}},"7":{"name":"(anonymous_7)","line":158,"loc":{"start":{"line":158,"column":29},"end":{"line":158,"column":49}}},"8":{"name":"processWhen","line":164,"loc":{"start":{"line":164,"column":20},"end":{"line":164,"column":47}}},"9":{"name":"processCode","line":188,"loc":{"start":{"line":188,"column":20},"end":{"line":188,"column":47}}},"10":{"name":"processComment","line":214,"loc":{"start":{"line":214,"column":23},"end":{"line":214,"column":53}}},"11":{"name":"processBlockComment","line":224,"loc":{"start":{"line":224,"column":28},"end":{"line":224,"column":63}}},"12":{"name":"(anonymous_12)","line":229,"loc":{"start":{"line":229,"column":30},"end":{"line":229,"column":46}}},"13":{"name":"(anonymous_13)","line":231,"loc":{"start":{"line":231,"column":13},"end":{"line":231,"column":29}}},"14":{"name":"(anonymous_14)","line":233,"loc":{"start":{"line":233,"column":16},"end":{"line":233,"column":35}}},"15":{"name":"(anonymous_15)","line":235,"loc":{"start":{"line":235,"column":17},"end":{"line":235,"column":36}}},"16":{"name":"processConditional","line":241,"loc":{"start":{"line":241,"column":27},"end":{"line":241,"column":61}}},"17":{"name":"processEach","line":258,"loc":{"start":{"line":258,"column":20},"end":{"line":258,"column":47}}},"18":{"name":"processWhile","line":275,"loc":{"start":{"line":275,"column":21},"end":{"line":275,"column":49}}},"19":{"name":"processNamedBlock","line":290,"loc":{"start":{"line":290,"column":26},"end":{"line":290,"column":59}}},"20":{"name":"processFilter","line":298,"loc":{"start":{"line":298,"column":22},"end":{"line":298,"column":51}}},"21":{"name":"(anonymous_21)","line":302,"loc":{"start":{"line":302,"column":38},"end":{"line":302,"column":59}}},"22":{"name":"(anonymous_22)","line":304,"loc":{"start":{"line":304,"column":11},"end":{"line":304,"column":32}}},"23":{"name":"processMixin","line":357,"loc":{"start":{"line":357,"column":21},"end":{"line":357,"column":49}}},"24":{"name":"(anonymous_24)","line":372,"loc":{"start":{"line":372,"column":25},"end":{"line":372,"column":46}}},"25":{"name":"(anonymous_25)","line":380,"loc":{"start":{"line":380,"column":33},"end":{"line":380,"column":55}}},"26":{"name":"(anonymous_26)","line":397,"loc":{"start":{"line":397,"column":31},"end":{"line":397,"column":52}}},"27":{"name":"processMixinBlock","line":405,"loc":{"start":{"line":405,"column":26},"end":{"line":405,"column":59}}},"28":{"name":"processTag","line":410,"loc":{"start":{"line":410,"column":19},"end":{"line":410,"column":45}}},"29":{"name":"(anonymous_29)","line":431,"loc":{"start":{"line":431,"column":25},"end":{"line":431,"column":46}}},"30":{"name":"(anonymous_30)","line":434,"loc":{"start":{"line":434,"column":35},"end":{"line":434,"column":61}}},"31":{"name":"(anonymous_31)","line":442,"loc":{"start":{"line":442,"column":33},"end":{"line":442,"column":54}}},"32":{"name":"processAttribute","line":459,"loc":{"start":{"line":459,"column":25},"end":{"line":459,"column":62}}},"33":{"name":"processAttributeBlock","line":484,"loc":{"start":{"line":484,"column":30},"end":{"line":484,"column":77}}},"34":{"name":"processText","line":505,"loc":{"start":{"line":505,"column":20},"end":{"line":505,"column":47}}},"35":{"name":"(anonymous_35)","line":545,"loc":{"start":{"line":545,"column":20},"end":{"line":545,"column":57}}},"36":{"name":"(anonymous_36)","line":565,"loc":{"start":{"line":565,"column":25},"end":{"line":565,"column":62}}},"37":{"name":"(anonymous_37)","line":577,"loc":{"start":{"line":577,"column":24},"end":{"line":577,"column":49}}},"38":{"name":"(anonymous_38)","line":595,"loc":{"start":{"line":595,"column":19},"end":{"line":595,"column":37}}}},"statementMap":{"1":{"start":{"line":3,"column":0},"end":{"line":3,"column":39}},"2":{"start":{"line":5,"column":0},"end":{"line":5,"column":30}},"3":{"start":{"line":7,"column":0},"end":{"line":7,"column":45}},"4":{"start":{"line":9,"column":0},"end":{"line":9,"column":41}},"5":{"start":{"line":11,"column":0},"end":{"line":11,"column":55}},"6":{"start":{"line":13,"column":0},"end":{"line":13,"column":36}},"7":{"start":{"line":15,"column":0},"end":{"line":15,"column":50}},"8":{"start":{"line":17,"column":0},"end":{"line":17,"column":63}},"9":{"start":{"line":19,"column":0},"end":{"line":19,"column":29}},"10":{"start":{"line":21,"column":0},"end":{"line":21,"column":39}},"11":{"start":{"line":23,"column":0},"end":{"line":23,"column":37}},"12":{"start":{"line":25,"column":0},"end":{"line":25,"column":51}},"13":{"start":{"line":27,"column":0},"end":{"line":27,"column":39}},"14":{"start":{"line":29,"column":0},"end":{"line":29,"column":53}},"15":{"start":{"line":31,"column":0},"end":{"line":31,"column":35}},"16":{"start":{"line":33,"column":0},"end":{"line":33,"column":49}},"17":{"start":{"line":35,"column":0},"end":{"line":35,"column":39}},"18":{"start":{"line":37,"column":0},"end":{"line":37,"column":53}},"19":{"start":{"line":39,"column":0},"end":{"line":39,"column":28}},"20":{"start":{"line":41,"column":0},"end":{"line":41,"column":43}},"21":{"start":{"line":43,"column":0},"end":{"line":43,"column":43}},"22":{"start":{"line":45,"column":0},"end":{"line":45,"column":55}},"23":{"start":{"line":47,"column":0},"end":{"line":47,"column":28}},"24":{"start":{"line":49,"column":0},"end":{"line":49,"column":41}},"25":{"start":{"line":51,"column":0},"end":{"line":51,"column":42}},"26":{"start":{"line":53,"column":0},"end":{"line":53,"column":49}},"27":{"start":{"line":55,"column":0},"end":{"line":55,"column":30}},"28":{"start":{"line":57,"column":0},"end":{"line":57,"column":43}},"29":{"start":{"line":59,"column":0},"end":{"line":59,"column":62}},"30":{"start":{"line":61,"column":0},"end":{"line":61,"column":67}},"31":{"start":{"line":63,"column":0},"end":{"line":63,"column":95}},"32":{"start":{"line":63,"column":39},"end":{"line":63,"column":93}},"33":{"start":{"line":66,"column":0},"end":{"line":66,"column":34}},"34":{"start":{"line":68,"column":0},"end":{"line":543,"column":2}},"35":{"start":{"line":69,"column":2},"end":{"line":69,"column":79}},"36":{"start":{"line":70,"column":2},"end":{"line":70,"column":44}},"37":{"start":{"line":71,"column":2},"end":{"line":71,"column":44}},"38":{"start":{"line":72,"column":2},"end":{"line":72,"column":44}},"39":{"start":{"line":74,"column":2},"end":{"line":136,"column":4}},"40":{"start":{"line":75,"column":4},"end":{"line":75,"column":47}},"41":{"start":{"line":76,"column":4},"end":{"line":76,"column":89}},"42":{"start":{"line":78,"column":4},"end":{"line":135,"column":5}},"43":{"start":{"line":80,"column":8},"end":{"line":80,"column":27}},"44":{"start":{"line":81,"column":8},"end":{"line":81,"column":14}},"45":{"start":{"line":83,"column":8},"end":{"line":83,"column":26}},"46":{"start":{"line":84,"column":8},"end":{"line":84,"column":14}},"47":{"start":{"line":86,"column":8},"end":{"line":86,"column":26}},"48":{"start":{"line":87,"column":8},"end":{"line":87,"column":14}},"49":{"start":{"line":89,"column":8},"end":{"line":89,"column":26}},"50":{"start":{"line":90,"column":8},"end":{"line":90,"column":14}},"51":{"start":{"line":92,"column":8},"end":{"line":92,"column":29}},"52":{"start":{"line":93,"column":8},"end":{"line":93,"column":14}},"53":{"start":{"line":95,"column":8},"end":{"line":95,"column":34}},"54":{"start":{"line":96,"column":8},"end":{"line":96,"column":14}},"55":{"start":{"line":98,"column":8},"end":{"line":98,"column":33}},"56":{"start":{"line":99,"column":8},"end":{"line":99,"column":14}},"57":{"start":{"line":101,"column":8},"end":{"line":101,"column":26}},"58":{"start":{"line":102,"column":8},"end":{"line":102,"column":14}},"59":{"start":{"line":104,"column":8},"end":{"line":104,"column":27}},"60":{"start":{"line":105,"column":8},"end":{"line":105,"column":14}},"61":{"start":{"line":110,"column":8},"end":{"line":110,"column":32}},"62":{"start":{"line":111,"column":8},"end":{"line":111,"column":14}},"63":{"start":{"line":113,"column":8},"end":{"line":113,"column":28}},"64":{"start":{"line":114,"column":8},"end":{"line":114,"column":14}},"65":{"start":{"line":122,"column":8},"end":{"line":122,"column":27}},"66":{"start":{"line":123,"column":8},"end":{"line":123,"column":14}},"67":{"start":{"line":125,"column":8},"end":{"line":125,"column":32}},"68":{"start":{"line":126,"column":8},"end":{"line":126,"column":14}},"69":{"start":{"line":128,"column":8},"end":{"line":128,"column":25}},"70":{"start":{"line":129,"column":8},"end":{"line":129,"column":14}},"71":{"start":{"line":131,"column":8},"end":{"line":131,"column":26}},"72":{"start":{"line":132,"column":8},"end":{"line":132,"column":14}},"73":{"start":{"line":134,"column":8},"end":{"line":134,"column":96}},"74":{"start":{"line":138,"column":2},"end":{"line":151,"column":4}},"75":{"start":{"line":139,"column":4},"end":{"line":139,"column":48}},"76":{"start":{"line":140,"column":4},"end":{"line":140,"column":68}},"77":{"start":{"line":142,"column":4},"end":{"line":150,"column":5}},"78":{"start":{"line":143,"column":6},"end":{"line":143,"column":106}},"79":{"start":{"line":144,"column":6},"end":{"line":144,"column":67}},"80":{"start":{"line":145,"column":6},"end":{"line":147,"column":9}},"81":{"start":{"line":146,"column":8},"end":{"line":146,"column":38}},"82":{"start":{"line":148,"column":6},"end":{"line":148,"column":65}},"83":{"start":{"line":149,"column":6},"end":{"line":149,"column":28}},"84":{"start":{"line":153,"column":2},"end":{"line":162,"column":4}},"85":{"start":{"line":154,"column":4},"end":{"line":154,"column":47}},"86":{"start":{"line":155,"column":4},"end":{"line":155,"column":61}},"87":{"start":{"line":157,"column":4},"end":{"line":157,"column":47}},"88":{"start":{"line":158,"column":4},"end":{"line":160,"column":7}},"89":{"start":{"line":159,"column":6},"end":{"line":159,"column":35}},"90":{"start":{"line":161,"column":4},"end":{"line":161,"column":22}},"91":{"start":{"line":164,"column":2},"end":{"line":186,"column":4}},"92":{"start":{"line":165,"column":4},"end":{"line":165,"column":47}},"93":{"start":{"line":166,"column":4},"end":{"line":166,"column":61}},"94":{"start":{"line":168,"column":4},"end":{"line":185,"column":5}},"95":{"start":{"line":169,"column":6},"end":{"line":169,"column":35}},"96":{"start":{"line":170,"column":6},"end":{"line":170,"column":31}},"97":{"start":{"line":173,"column":6},"end":{"line":173,"column":45}},"98":{"start":{"line":175,"column":6},"end":{"line":184,"column":7}},"99":{"start":{"line":177,"column":8},"end":{"line":181,"column":9}},"100":{"start":{"line":180,"column":10},"end":{"line":180,"column":35}},"101":{"start":{"line":183,"column":8},"end":{"line":183,"column":30}},"102":{"start":{"line":188,"column":2},"end":{"line":212,"column":4}},"103":{"start":{"line":189,"column":4},"end":{"line":189,"column":47}},"104":{"start":{"line":190,"column":4},"end":{"line":190,"column":56}},"105":{"start":{"line":191,"column":4},"end":{"line":191,"column":64}},"106":{"start":{"line":192,"column":4},"end":{"line":192,"column":48}},"107":{"start":{"line":194,"column":4},"end":{"line":211,"column":5}},"108":{"start":{"line":195,"column":6},"end":{"line":199,"column":7}},"109":{"start":{"line":196,"column":8},"end":{"line":196,"column":78}},"110":{"start":{"line":198,"column":8},"end":{"line":198,"column":90}},"111":{"start":{"line":202,"column":6},"end":{"line":202,"column":33}},"112":{"start":{"line":204,"column":6},"end":{"line":210,"column":7}},"113":{"start":{"line":205,"column":8},"end":{"line":205,"column":25}},"114":{"start":{"line":206,"column":8},"end":{"line":206,"column":33}},"115":{"start":{"line":207,"column":8},"end":{"line":207,"column":25}},"116":{"start":{"line":209,"column":8},"end":{"line":209,"column":25}},"117":{"start":{"line":214,"column":2},"end":{"line":222,"column":4}},"118":{"start":{"line":215,"column":4},"end":{"line":215,"column":50}},"119":{"start":{"line":216,"column":4},"end":{"line":216,"column":56}},"120":{"start":{"line":217,"column":4},"end":{"line":217,"column":59}},"121":{"start":{"line":219,"column":4},"end":{"line":221,"column":5}},"122":{"start":{"line":220,"column":6},"end":{"line":220,"column":35}},"123":{"start":{"line":224,"column":2},"end":{"line":239,"column":4}},"124":{"start":{"line":225,"column":4},"end":{"line":225,"column":55}},"125":{"start":{"line":226,"column":4},"end":{"line":226,"column":56}},"126":{"start":{"line":228,"column":4},"end":{"line":238,"column":5}},"127":{"start":{"line":229,"column":6},"end":{"line":237,"column":9}},"128":{"start":{"line":230,"column":8},"end":{"line":230,"column":49}},"129":{"start":{"line":232,"column":8},"end":{"line":232,"column":24}},"130":{"start":{"line":234,"column":8},"end":{"line":234,"column":31}},"131":{"start":{"line":236,"column":8},"end":{"line":236,"column":44}},"132":{"start":{"line":241,"column":2},"end":{"line":256,"column":4}},"133":{"start":{"line":242,"column":4},"end":{"line":242,"column":54}},"134":{"start":{"line":243,"column":4},"end":{"line":243,"column":52}},"135":{"start":{"line":245,"column":4},"end":{"line":245,"column":46}},"136":{"start":{"line":246,"column":4},"end":{"line":248,"column":5}},"137":{"start":{"line":247,"column":6},"end":{"line":247,"column":44}},"138":{"start":{"line":249,"column":4},"end":{"line":249,"column":21}},"139":{"start":{"line":251,"column":4},"end":{"line":255,"column":5}},"140":{"start":{"line":252,"column":6},"end":{"line":252,"column":28}},"141":{"start":{"line":253,"column":6},"end":{"line":253,"column":42}},"142":{"start":{"line":254,"column":6},"end":{"line":254,"column":23}},"143":{"start":{"line":258,"column":2},"end":{"line":273,"column":4}},"144":{"start":{"line":259,"column":4},"end":{"line":259,"column":47}},"145":{"start":{"line":260,"column":4},"end":{"line":260,"column":50}},"146":{"start":{"line":261,"column":4},"end":{"line":261,"column":50}},"147":{"start":{"line":262,"column":4},"end":{"line":262,"column":50}},"148":{"start":{"line":264,"column":4},"end":{"line":264,"column":155}},"149":{"start":{"line":265,"column":4},"end":{"line":267,"column":5}},"150":{"start":{"line":266,"column":6},"end":{"line":266,"column":31}},"151":{"start":{"line":268,"column":4},"end":{"line":268,"column":31}},"152":{"start":{"line":269,"column":4},"end":{"line":271,"column":5}},"153":{"start":{"line":270,"column":6},"end":{"line":270,"column":43}},"154":{"start":{"line":272,"column":4},"end":{"line":272,"column":21}},"155":{"start":{"line":275,"column":2},"end":{"line":284,"column":4}},"156":{"start":{"line":276,"column":4},"end":{"line":276,"column":48}},"157":{"start":{"line":277,"column":4},"end":{"line":277,"column":52}},"158":{"start":{"line":279,"column":4},"end":{"line":279,"column":49}},"159":{"start":{"line":280,"column":4},"end":{"line":282,"column":5}},"160":{"start":{"line":281,"column":6},"end":{"line":281,"column":31}},"161":{"start":{"line":283,"column":4},"end":{"line":283,"column":21}},"162":{"start":{"line":290,"column":2},"end":{"line":296,"column":4}},"163":{"start":{"line":291,"column":4},"end":{"line":291,"column":53}},"164":{"start":{"line":292,"column":4},"end":{"line":292,"column":61}},"165":{"start":{"line":293,"column":4},"end":{"line":293,"column":61}},"166":{"start":{"line":295,"column":4},"end":{"line":295,"column":23}},"167":{"start":{"line":298,"column":2},"end":{"line":319,"column":4}},"168":{"start":{"line":299,"column":4},"end":{"line":299,"column":49}},"169":{"start":{"line":300,"column":4},"end":{"line":300,"column":61}},"170":{"start":{"line":302,"column":4},"end":{"line":306,"column":10}},"171":{"start":{"line":303,"column":6},"end":{"line":303,"column":57}},"172":{"start":{"line":305,"column":6},"end":{"line":305,"column":27}},"173":{"start":{"line":308,"column":4},"end":{"line":308,"column":52}},"174":{"start":{"line":310,"column":4},"end":{"line":310,"column":49}},"175":{"start":{"line":311,"column":4},"end":{"line":311,"column":45}},"176":{"start":{"line":312,"column":4},"end":{"line":312,"column":48}},"177":{"start":{"line":314,"column":4},"end":{"line":318,"column":5}},"178":{"start":{"line":315,"column":6},"end":{"line":315,"column":192}},"179":{"start":{"line":317,"column":6},"end":{"line":317,"column":24}},"180":{"start":{"line":357,"column":2},"end":{"line":403,"column":4}},"181":{"start":{"line":358,"column":4},"end":{"line":358,"column":48}},"182":{"start":{"line":359,"column":4},"end":{"line":359,"column":61}},"183":{"start":{"line":360,"column":4},"end":{"line":360,"column":52}},"184":{"start":{"line":362,"column":4},"end":{"line":402,"column":5}},"185":{"start":{"line":364,"column":6},"end":{"line":364,"column":30}},"186":{"start":{"line":366,"column":6},"end":{"line":370,"column":7}},"187":{"start":{"line":367,"column":8},"end":{"line":367,"column":74}},"188":{"start":{"line":368,"column":8},"end":{"line":368,"column":72}},"189":{"start":{"line":369,"column":8},"end":{"line":369,"column":73}},"190":{"start":{"line":372,"column":6},"end":{"line":374,"column":9}},"191":{"start":{"line":373,"column":8},"end":{"line":373,"column":50}},"192":{"start":{"line":376,"column":6},"end":{"line":385,"column":7}},"193":{"start":{"line":377,"column":8},"end":{"line":377,"column":69}},"194":{"start":{"line":378,"column":8},"end":{"line":378,"column":108}},"195":{"start":{"line":379,"column":8},"end":{"line":379,"column":69}},"196":{"start":{"line":380,"column":8},"end":{"line":382,"column":11}},"197":{"start":{"line":381,"column":10},"end":{"line":381,"column":49}},"198":{"start":{"line":383,"column":8},"end":{"line":383,"column":67}},"199":{"start":{"line":384,"column":8},"end":{"line":384,"column":30}},"200":{"start":{"line":387,"column":6},"end":{"line":387,"column":98}},"201":{"start":{"line":388,"column":6},"end":{"line":388,"column":102}},"202":{"start":{"line":389,"column":6},"end":{"line":389,"column":93}},"203":{"start":{"line":390,"column":6},"end":{"line":390,"column":108}},"204":{"start":{"line":391,"column":6},"end":{"line":391,"column":63}},"205":{"start":{"line":393,"column":6},"end":{"line":393,"column":27}},"206":{"start":{"line":395,"column":6},"end":{"line":395,"column":179}},"207":{"start":{"line":396,"column":6},"end":{"line":396,"column":67}},"208":{"start":{"line":397,"column":6},"end":{"line":399,"column":9}},"209":{"start":{"line":398,"column":8},"end":{"line":398,"column":38}},"210":{"start":{"line":400,"column":6},"end":{"line":400,"column":65}},"211":{"start":{"line":401,"column":6},"end":{"line":401,"column":24}},"212":{"start":{"line":405,"column":2},"end":{"line":408,"column":4}},"213":{"start":{"line":406,"column":4},"end":{"line":406,"column":53}},"214":{"start":{"line":407,"column":4},"end":{"line":407,"column":103}},"215":{"start":{"line":410,"column":2},"end":{"line":457,"column":4}},"216":{"start":{"line":411,"column":4},"end":{"line":411,"column":46}},"217":{"start":{"line":412,"column":4},"end":{"line":412,"column":66}},"218":{"start":{"line":413,"column":4},"end":{"line":413,"column":61}},"219":{"start":{"line":415,"column":4},"end":{"line":456,"column":5}},"220":{"start":{"line":416,"column":6},"end":{"line":416,"column":81}},"221":{"start":{"line":419,"column":6},"end":{"line":419,"column":30}},"222":{"start":{"line":421,"column":6},"end":{"line":425,"column":7}},"223":{"start":{"line":422,"column":8},"end":{"line":422,"column":74}},"224":{"start":{"line":423,"column":8},"end":{"line":423,"column":72}},"225":{"start":{"line":424,"column":8},"end":{"line":424,"column":73}},"226":{"start":{"line":427,"column":6},"end":{"line":429,"column":7}},"227":{"start":{"line":428,"column":8},"end":{"line":428,"column":73}},"228":{"start":{"line":431,"column":6},"end":{"line":433,"column":9}},"229":{"start":{"line":432,"column":8},"end":{"line":432,"column":43}},"230":{"start":{"line":434,"column":6},"end":{"line":436,"column":9}},"231":{"start":{"line":435,"column":8},"end":{"line":435,"column":53}},"232":{"start":{"line":438,"column":6},"end":{"line":447,"column":7}},"233":{"start":{"line":439,"column":8},"end":{"line":439,"column":72}},"234":{"start":{"line":440,"column":8},"end":{"line":440,"column":114}},"235":{"start":{"line":441,"column":8},"end":{"line":441,"column":69}},"236":{"start":{"line":442,"column":8},"end":{"line":444,"column":11}},"237":{"start":{"line":443,"column":10},"end":{"line":443,"column":40}},"238":{"start":{"line":445,"column":8},"end":{"line":445,"column":67}},"239":{"start":{"line":446,"column":8},"end":{"line":446,"column":30}},"240":{"start":{"line":449,"column":6},"end":{"line":449,"column":58}},"241":{"start":{"line":450,"column":6},"end":{"line":450,"column":64}},"242":{"start":{"line":451,"column":6},"end":{"line":451,"column":45}},"243":{"start":{"line":452,"column":6},"end":{"line":452,"column":132}},"244":{"start":{"line":453,"column":6},"end":{"line":453,"column":102}},"245":{"start":{"line":455,"column":6},"end":{"line":455,"column":27}},"246":{"start":{"line":459,"column":2},"end":{"line":482,"column":4}},"247":{"start":{"line":460,"column":4},"end":{"line":460,"column":92}},"248":{"start":{"line":462,"column":4},"end":{"line":462,"column":57}},"249":{"start":{"line":463,"column":4},"end":{"line":463,"column":71}},"250":{"start":{"line":464,"column":4},"end":{"line":464,"column":60}},"251":{"start":{"line":465,"column":4},"end":{"line":465,"column":50}},"252":{"start":{"line":467,"column":4},"end":{"line":471,"column":5}},"253":{"start":{"line":468,"column":6},"end":{"line":468,"column":148}},"254":{"start":{"line":470,"column":6},"end":{"line":470,"column":90}},"255":{"start":{"line":473,"column":4},"end":{"line":473,"column":278}},"256":{"start":{"line":475,"column":4},"end":{"line":475,"column":71}},"257":{"start":{"line":476,"column":4},"end":{"line":480,"column":5}},"258":{"start":{"line":477,"column":6},"end":{"line":477,"column":198}},"259":{"start":{"line":479,"column":6},"end":{"line":479,"column":150}},"260":{"start":{"line":481,"column":4},"end":{"line":481,"column":21}},"261":{"start":{"line":484,"column":2},"end":{"line":503,"column":4}},"262":{"start":{"line":485,"column":4},"end":{"line":485,"column":67}},"263":{"start":{"line":486,"column":4},"end":{"line":486,"column":60}},"264":{"start":{"line":488,"column":4},"end":{"line":488,"column":85}},"265":{"start":{"line":494,"column":4},"end":{"line":494,"column":131}},"266":{"start":{"line":495,"column":4},"end":{"line":495,"column":123}},"267":{"start":{"line":496,"column":4},"end":{"line":496,"column":262}},"268":{"start":{"line":498,"column":4},"end":{"line":498,"column":71}},"269":{"start":{"line":499,"column":4},"end":{"line":499,"column":148}},"270":{"start":{"line":500,"column":4},"end":{"line":500,"column":21}},"271":{"start":{"line":502,"column":4},"end":{"line":502,"column":22}},"272":{"start":{"line":505,"column":2},"end":{"line":509,"column":4}},"273":{"start":{"line":506,"column":4},"end":{"line":506,"column":47}},"274":{"start":{"line":507,"column":4},"end":{"line":507,"column":81}},"275":{"start":{"line":508,"column":4},"end":{"line":508,"column":100}},"276":{"start":{"line":523,"column":2},"end":{"line":530,"column":6}},"277":{"start":{"line":532,"column":2},"end":{"line":532,"column":40}},"278":{"start":{"line":534,"column":2},"end":{"line":534,"column":18}},"279":{"start":{"line":536,"column":2},"end":{"line":536,"column":26}},"280":{"start":{"line":537,"column":2},"end":{"line":537,"column":63}},"281":{"start":{"line":538,"column":2},"end":{"line":538,"column":29}},"282":{"start":{"line":539,"column":2},"end":{"line":539,"column":64}},"283":{"start":{"line":540,"column":2},"end":{"line":540,"column":22}},"284":{"start":{"line":542,"column":2},"end":{"line":542,"column":27}},"285":{"start":{"line":545,"column":0},"end":{"line":563,"column":2}},"286":{"start":{"line":546,"column":2},"end":{"line":546,"column":80}},"287":{"start":{"line":548,"column":2},"end":{"line":548,"column":18}},"288":{"start":{"line":550,"column":2},"end":{"line":550,"column":18}},"289":{"start":{"line":552,"column":2},"end":{"line":552,"column":210}},"290":{"start":{"line":553,"column":2},"end":{"line":553,"column":18}},"291":{"start":{"line":554,"column":2},"end":{"line":554,"column":72}},"292":{"start":{"line":555,"column":2},"end":{"line":555,"column":18}},"293":{"start":{"line":557,"column":2},"end":{"line":557,"column":29}},"294":{"start":{"line":559,"column":2},"end":{"line":559,"column":55}},"295":{"start":{"line":562,"column":2},"end":{"line":562,"column":68}},"296":{"start":{"line":565,"column":0},"end":{"line":575,"column":2}},"297":{"start":{"line":566,"column":2},"end":{"line":566,"column":85}},"298":{"start":{"line":568,"column":2},"end":{"line":568,"column":18}},"299":{"start":{"line":570,"column":2},"end":{"line":570,"column":52}},"300":{"start":{"line":571,"column":2},"end":{"line":571,"column":55}},"301":{"start":{"line":572,"column":2},"end":{"line":572,"column":20}},"302":{"start":{"line":574,"column":2},"end":{"line":574,"column":29}},"303":{"start":{"line":577,"column":0},"end":{"line":593,"column":2}},"304":{"start":{"line":578,"column":2},"end":{"line":578,"column":72}},"305":{"start":{"line":580,"column":2},"end":{"line":582,"column":5}},"306":{"start":{"line":584,"column":2},"end":{"line":584,"column":18}},"307":{"start":{"line":586,"column":2},"end":{"line":586,"column":26}},"308":{"start":{"line":587,"column":2},"end":{"line":589,"column":15}},"309":{"start":{"line":590,"column":2},"end":{"line":590,"column":23}},"310":{"start":{"line":592,"column":2},"end":{"line":592,"column":114}},"311":{"start":{"line":595,"column":0},"end":{"line":618,"column":2}},"312":{"start":{"line":596,"column":2},"end":{"line":596,"column":60}},"313":{"start":{"line":598,"column":2},"end":{"line":598,"column":67}},"314":{"start":{"line":600,"column":2},"end":{"line":602,"column":10}},"315":{"start":{"line":606,"column":2},"end":{"line":612,"column":5}},"316":{"start":{"line":614,"column":2},"end":{"line":614,"column":60}},"317":{"start":{"line":615,"column":2},"end":{"line":615,"column":42}},"318":{"start":{"line":617,"column":2},"end":{"line":617,"column":16}},"319":{"start":{"line":620,"column":0},"end":{"line":620,"column":27}}},"branchMap":{"1":{"line":63,"type":"cond-expr","locations":[{"start":{"line":63,"column":70},"end":{"line":63,"column":73}},{"start":{"line":63,"column":76},"end":{"line":63,"column":92}}]},"2":{"line":63,"type":"binary-expr","locations":[{"start":{"line":63,"column":46},"end":{"line":63,"column":49}},{"start":{"line":63,"column":53},"end":{"line":63,"column":67}}]},"3":{"line":78,"type":"switch","locations":[{"start":{"line":79,"column":6},"end":{"line":81,"column":14}},{"start":{"line":82,"column":6},"end":{"line":84,"column":14}},{"start":{"line":85,"column":6},"end":{"line":87,"column":14}},{"start":{"line":88,"column":6},"end":{"line":90,"column":14}},{"start":{"line":91,"column":6},"end":{"line":93,"column":14}},{"start":{"line":94,"column":6},"end":{"line":96,"column":14}},{"start":{"line":97,"column":6},"end":{"line":99,"column":14}},{"start":{"line":100,"column":6},"end":{"line":102,"column":14}},{"start":{"line":103,"column":6},"end":{"line":105,"column":14}},{"start":{"line":109,"column":6},"end":{"line":111,"column":14}},{"start":{"line":112,"column":6},"end":{"line":114,"column":14}},{"start":{"line":121,"column":6},"end":{"line":123,"column":14}},{"start":{"line":124,"column":6},"end":{"line":126,"column":14}},{"start":{"line":127,"column":6},"end":{"line":129,"column":14}},{"start":{"line":130,"column":6},"end":{"line":132,"column":14}},{"start":{"line":133,"column":6},"end":{"line":134,"column":96}}]},"4":{"line":142,"type":"if","locations":[{"start":{"line":142,"column":4},"end":{"line":142,"column":4}},{"start":{"line":142,"column":4},"end":{"line":142,"column":4}}]},"5":{"line":168,"type":"if","locations":[{"start":{"line":168,"column":4},"end":{"line":168,"column":4}},{"start":{"line":168,"column":4},"end":{"line":168,"column":4}}]},"6":{"line":175,"type":"if","locations":[{"start":{"line":175,"column":6},"end":{"line":175,"column":6}},{"start":{"line":175,"column":6},"end":{"line":175,"column":6}}]},"7":{"line":177,"type":"if","locations":[{"start":{"line":177,"column":8},"end":{"line":177,"column":8}},{"start":{"line":177,"column":8},"end":{"line":177,"column":8}}]},"8":{"line":177,"type":"binary-expr","locations":[{"start":{"line":177,"column":12},"end":{"line":177,"column":40}},{"start":{"line":177,"column":44},"end":{"line":177,"column":92}},{"start":{"line":177,"column":96},"end":{"line":177,"column":130}}]},"9":{"line":194,"type":"if","locations":[{"start":{"line":194,"column":4},"end":{"line":194,"column":4}},{"start":{"line":194,"column":4},"end":{"line":194,"column":4}}]},"10":{"line":195,"type":"if","locations":[{"start":{"line":195,"column":6},"end":{"line":195,"column":6}},{"start":{"line":195,"column":6},"end":{"line":195,"column":6}}]},"11":{"line":204,"type":"if","locations":[{"start":{"line":204,"column":6},"end":{"line":204,"column":6}},{"start":{"line":204,"column":6},"end":{"line":204,"column":6}}]},"12":{"line":219,"type":"if","locations":[{"start":{"line":219,"column":4},"end":{"line":219,"column":4}},{"start":{"line":219,"column":4},"end":{"line":219,"column":4}}]},"13":{"line":228,"type":"if","locations":[{"start":{"line":228,"column":4},"end":{"line":228,"column":4}},{"start":{"line":228,"column":4},"end":{"line":228,"column":4}}]},"14":{"line":246,"type":"if","locations":[{"start":{"line":246,"column":4},"end":{"line":246,"column":4}},{"start":{"line":246,"column":4},"end":{"line":246,"column":4}}]},"15":{"line":251,"type":"if","locations":[{"start":{"line":251,"column":4},"end":{"line":251,"column":4}},{"start":{"line":251,"column":4},"end":{"line":251,"column":4}}]},"16":{"line":264,"type":"cond-expr","locations":[{"start":{"line":264,"column":124},"end":{"line":264,"column":139}},{"start":{"line":264,"column":142},"end":{"line":264,"column":144}}]},"17":{"line":265,"type":"if","locations":[{"start":{"line":265,"column":4},"end":{"line":265,"column":4}},{"start":{"line":265,"column":4},"end":{"line":265,"column":4}}]},"18":{"line":269,"type":"if","locations":[{"start":{"line":269,"column":4},"end":{"line":269,"column":4}},{"start":{"line":269,"column":4},"end":{"line":269,"column":4}}]},"19":{"line":280,"type":"if","locations":[{"start":{"line":280,"column":4},"end":{"line":280,"column":4}},{"start":{"line":280,"column":4},"end":{"line":280,"column":4}}]},"20":{"line":314,"type":"if","locations":[{"start":{"line":314,"column":4},"end":{"line":314,"column":4}},{"start":{"line":314,"column":4},"end":{"line":314,"column":4}}]},"21":{"line":362,"type":"if","locations":[{"start":{"line":362,"column":4},"end":{"line":362,"column":4}},{"start":{"line":362,"column":4},"end":{"line":362,"column":4}}]},"22":{"line":366,"type":"if","locations":[{"start":{"line":366,"column":6},"end":{"line":366,"column":6}},{"start":{"line":366,"column":6},"end":{"line":366,"column":6}}]},"23":{"line":376,"type":"if","locations":[{"start":{"line":376,"column":6},"end":{"line":376,"column":6}},{"start":{"line":376,"column":6},"end":{"line":376,"column":6}}]},"24":{"line":376,"type":"binary-expr","locations":[{"start":{"line":376,"column":10},"end":{"line":376,"column":20}},{"start":{"line":376,"column":24},"end":{"line":376,"column":51}}]},"25":{"line":389,"type":"cond-expr","locations":[{"start":{"line":389,"column":39},"end":{"line":389,"column":76}},{"start":{"line":389,"column":79},"end":{"line":389,"column":83}}]},"26":{"line":390,"type":"cond-expr","locations":[{"start":{"line":390,"column":64},"end":{"line":390,"column":96}},{"start":{"line":390,"column":99},"end":{"line":390,"column":105}}]},"27":{"line":390,"type":"binary-expr","locations":[{"start":{"line":390,"column":24},"end":{"line":390,"column":34}},{"start":{"line":390,"column":38},"end":{"line":390,"column":61}}]},"28":{"line":391,"type":"cond-expr","locations":[{"start":{"line":391,"column":31},"end":{"line":391,"column":47}},{"start":{"line":391,"column":50},"end":{"line":391,"column":52}}]},"29":{"line":395,"type":"cond-expr","locations":[{"start":{"line":395,"column":147},"end":{"line":395,"column":163}},{"start":{"line":395,"column":166},"end":{"line":395,"column":168}}]},"30":{"line":415,"type":"if","locations":[{"start":{"line":415,"column":4},"end":{"line":415,"column":4}},{"start":{"line":415,"column":4},"end":{"line":415,"column":4}}]},"31":{"line":421,"type":"if","locations":[{"start":{"line":421,"column":6},"end":{"line":421,"column":6}},{"start":{"line":421,"column":6},"end":{"line":421,"column":6}}]},"32":{"line":421,"type":"binary-expr","locations":[{"start":{"line":421,"column":10},"end":{"line":421,"column":31}},{"start":{"line":421,"column":35},"end":{"line":421,"column":66}}]},"33":{"line":427,"type":"if","locations":[{"start":{"line":427,"column":6},"end":{"line":427,"column":6}},{"start":{"line":427,"column":6},"end":{"line":427,"column":6}}]},"34":{"line":438,"type":"if","locations":[{"start":{"line":438,"column":6},"end":{"line":438,"column":6}},{"start":{"line":438,"column":6},"end":{"line":438,"column":6}}]},"35":{"line":452,"type":"cond-expr","locations":[{"start":{"line":452,"column":78},"end":{"line":452,"column":115}},{"start":{"line":452,"column":118},"end":{"line":452,"column":122}}]},"36":{"line":452,"type":"binary-expr","locations":[{"start":{"line":452,"column":19},"end":{"line":452,"column":40}},{"start":{"line":452,"column":44},"end":{"line":452,"column":75}}]},"37":{"line":453,"type":"cond-expr","locations":[{"start":{"line":453,"column":49},"end":{"line":453,"column":84}},{"start":{"line":453,"column":87},"end":{"line":453,"column":91}}]},"38":{"line":460,"type":"cond-expr","locations":[{"start":{"line":460,"column":72},"end":{"line":460,"column":84}},{"start":{"line":460,"column":87},"end":{"line":460,"column":91}}]},"39":{"line":460,"type":"binary-expr","locations":[{"start":{"line":460,"column":19},"end":{"line":460,"column":39}},{"start":{"line":460,"column":43},"end":{"line":460,"column":69}}]},"40":{"line":467,"type":"if","locations":[{"start":{"line":467,"column":4},"end":{"line":467,"column":4}},{"start":{"line":467,"column":4},"end":{"line":467,"column":4}}]},"41":{"line":476,"type":"if","locations":[{"start":{"line":476,"column":4},"end":{"line":476,"column":4}},{"start":{"line":476,"column":4},"end":{"line":476,"column":4}}]},"42":{"line":552,"type":"cond-expr","locations":[{"start":{"line":552,"column":125},"end":{"line":552,"column":150}},{"start":{"line":552,"column":153},"end":{"line":552,"column":198}}]},"43":{"line":552,"type":"binary-expr","locations":[{"start":{"line":552,"column":78},"end":{"line":552,"column":93}},{"start":{"line":552,"column":97},"end":{"line":552,"column":122}}]},"44":{"line":598,"type":"cond-expr","locations":[{"start":{"line":598,"column":40},"end":{"line":598,"column":57}},{"start":{"line":598,"column":60},"end":{"line":598,"column":66}}]}}},"/Users/fficnar/Projects/Shared Projects/JavaScript/nessa/library/errors/unsupported-error.js":{"path":"/Users/fficnar/Projects/Shared Projects/JavaScript/nessa/library/errors/unsupported-error.js","s":{"1":1,"2":3,"3":3,"4":3,"5":3,"6":1,"7":1,"8":1,"9":1},"b":{},"f":{"1":3},"fnMap":{"1":{"name":"UnSupportedError","line":3,"loc":{"start":{"line":3,"column":0},"end":{"line":3,"column":41}}}},"statementMap":{"1":{"start":{"line":3,"column":0},"end":{"line":10,"column":1}},"2":{"start":{"line":5,"column":2},"end":{"line":5,"column":19}},"3":{"start":{"line":6,"column":2},"end":{"line":6,"column":50}},"4":{"start":{"line":8,"column":2},"end":{"line":8,"column":25}},"5":{"start":{"line":9,"column":2},"end":{"line":9,"column":19}},"6":{"start":{"line":12,"column":0},"end":{"line":12,"column":60}},"7":{"start":{"line":13,"column":0},"end":{"line":13,"column":58}},"8":{"start":{"line":14,"column":0},"end":{"line":14,"column":56}},"9":{"start":{"line":16,"column":0},"end":{"line":16,"column":34}}},"branchMap":{}},"/Users/fficnar/Projects/Shared Projects/JavaScript/nessa/library/utilities.js":{"path":"/Users/fficnar/Projects/Shared Projects/JavaScript/nessa/library/utilities.js","s":{"1":1,"2":1,"3":1,"4":1,"5":1,"6":1,"7":1,"8":1,"9":1,"10":1,"11":1,"12":5,"13":1,"14":1,"15":1,"16":152,"17":152,"18":456,"19":152,"20":1,"21":74,"22":74,"23":74,"24":1,"25":76,"26":76,"27":4,"28":72,"29":66,"30":6,"31":3,"32":3,"33":3,"34":2,"35":2,"36":2,"37":1,"38":2,"39":1,"40":0,"41":0,"42":76,"43":76,"44":76,"45":1,"46":42,"47":42,"48":42,"49":42,"50":42,"51":1,"52":9,"53":9,"54":9,"55":17,"56":17,"57":9,"58":1},"b":{"1":[0,5],"2":[5,5],"3":[74,41],"4":[4,72],"5":[3,1],"6":[66,6],"7":[0,66],"8":[3,3],"9":[2,1],"10":[3,0],"11":[2,1,0],"12":[2,74]},"f":{"1":5,"2":152,"3":74,"4":76,"5":2,"6":2,"7":42,"8":9,"9":17},"fnMap":{"1":{"name":"_interopRequireDefault","line":23,"loc":{"start":{"line":23,"column":0},"end":{"line":23,"column":37}}},"2":{"name":"(anonymous_2)","line":31,"loc":{"start":{"line":31,"column":19},"end":{"line":31,"column":31}}},"3":{"name":"(anonymous_3)","line":42,"loc":{"start":{"line":42,"column":29},"end":{"line":42,"column":45}}},"4":{"name":"(anonymous_4)","line":49,"loc":{"start":{"line":49,"column":33},"end":{"line":49,"column":69}}},"5":{"name":"(anonymous_5)","line":65,"loc":{"start":{"line":65,"column":43},"end":{"line":65,"column":58}}},"6":{"name":"(anonymous_6)","line":70,"loc":{"start":{"line":70,"column":40},"end":{"line":70,"column":55}}},"7":{"name":"(anonymous_7)","line":87,"loc":{"start":{"line":87,"column":19},"end":{"line":87,"column":31}}},"8":{"name":"(anonymous_8)","line":98,"loc":{"start":{"line":98,"column":20},"end":{"line":98,"column":46}}},"9":{"name":"(anonymous_9)","line":105,"loc":{"start":{"line":105,"column":33},"end":{"line":105,"column":64}}}},"statementMap":{"1":{"start":{"line":3,"column":0},"end":{"line":3,"column":29}},"2":{"start":{"line":5,"column":0},"end":{"line":5,"column":39}},"3":{"start":{"line":7,"column":0},"end":{"line":7,"column":34}},"4":{"start":{"line":9,"column":0},"end":{"line":9,"column":49}},"5":{"start":{"line":11,"column":0},"end":{"line":11,"column":34}},"6":{"start":{"line":13,"column":0},"end":{"line":13,"column":37}},"7":{"start":{"line":15,"column":0},"end":{"line":15,"column":41}},"8":{"start":{"line":17,"column":0},"end":{"line":17,"column":55}},"9":{"start":{"line":19,"column":0},"end":{"line":19,"column":28}},"10":{"start":{"line":21,"column":0},"end":{"line":21,"column":41}},"11":{"start":{"line":23,"column":0},"end":{"line":23,"column":95}},"12":{"start":{"line":23,"column":39},"end":{"line":23,"column":93}},"13":{"start":{"line":25,"column":0},"end":{"line":27,"column":2}},"14":{"start":{"line":29,"column":0},"end":{"line":29,"column":34}},"15":{"start":{"line":31,"column":0},"end":{"line":40,"column":2}},"16":{"start":{"line":32,"column":2},"end":{"line":32,"column":67}},"17":{"start":{"line":35,"column":2},"end":{"line":37,"column":3}},"18":{"start":{"line":36,"column":4},"end":{"line":36,"column":39}},"19":{"start":{"line":39,"column":2},"end":{"line":39,"column":52}},"20":{"start":{"line":42,"column":0},"end":{"line":47,"column":2}},"21":{"start":{"line":44,"column":2},"end":{"line":44,"column":56}},"22":{"start":{"line":45,"column":2},"end":{"line":45,"column":104}},"23":{"start":{"line":46,"column":2},"end":{"line":46,"column":15}},"24":{"start":{"line":49,"column":0},"end":{"line":85,"column":2}},"25":{"start":{"line":53,"column":2},"end":{"line":53,"column":20}},"26":{"start":{"line":55,"column":2},"end":{"line":79,"column":3}},"27":{"start":{"line":56,"column":4},"end":{"line":56,"column":34}},"28":{"start":{"line":57,"column":9},"end":{"line":79,"column":3}},"29":{"start":{"line":58,"column":4},"end":{"line":58,"column":61}},"30":{"start":{"line":59,"column":9},"end":{"line":79,"column":3}},"31":{"start":{"line":60,"column":4},"end":{"line":60,"column":81}},"32":{"start":{"line":61,"column":9},"end":{"line":79,"column":3}},"33":{"start":{"line":63,"column":4},"end":{"line":76,"column":5}},"34":{"start":{"line":65,"column":8},"end":{"line":67,"column":21}},"35":{"start":{"line":66,"column":10},"end":{"line":66,"column":28}},"36":{"start":{"line":68,"column":8},"end":{"line":68,"column":14}},"37":{"start":{"line":70,"column":8},"end":{"line":72,"column":21}},"38":{"start":{"line":71,"column":10},"end":{"line":71,"column":40}},"39":{"start":{"line":73,"column":8},"end":{"line":73,"column":14}},"40":{"start":{"line":75,"column":8},"end":{"line":75,"column":23}},"41":{"start":{"line":78,"column":4},"end":{"line":78,"column":19}},"42":{"start":{"line":81,"column":2},"end":{"line":81,"column":156}},"43":{"start":{"line":82,"column":2},"end":{"line":82,"column":42}},"44":{"start":{"line":84,"column":2},"end":{"line":84,"column":16}},"45":{"start":{"line":87,"column":0},"end":{"line":96,"column":2}},"46":{"start":{"line":88,"column":2},"end":{"line":90,"column":3}},"47":{"start":{"line":89,"column":4},"end":{"line":89,"column":41}},"48":{"start":{"line":93,"column":2},"end":{"line":93,"column":76}},"49":{"start":{"line":94,"column":2},"end":{"line":94,"column":93}},"50":{"start":{"line":95,"column":2},"end":{"line":95,"column":16}},"51":{"start":{"line":98,"column":0},"end":{"line":111,"column":2}},"52":{"start":{"line":99,"column":2},"end":{"line":99,"column":78}},"53":{"start":{"line":101,"column":2},"end":{"line":103,"column":4}},"54":{"start":{"line":105,"column":2},"end":{"line":108,"column":14}},"55":{"start":{"line":106,"column":4},"end":{"line":106,"column":32}},"56":{"start":{"line":107,"column":4},"end":{"line":107,"column":20}},"57":{"start":{"line":110,"column":2},"end":{"line":110,"column":23}},"58":{"start":{"line":113,"column":0},"end":{"line":113,"column":27}}},"branchMap":{"1":{"line":23,"type":"cond-expr","locations":[{"start":{"line":23,"column":70},"end":{"line":23,"column":73}},{"start":{"line":23,"column":76},"end":{"line":23,"column":92}}]},"2":{"line":23,"type":"binary-expr","locations":[{"start":{"line":23,"column":46},"end":{"line":23,"column":49}},{"start":{"line":23,"column":53},"end":{"line":23,"column":67}}]},"3":{"line":44,"type":"binary-expr","locations":[{"start":{"line":44,"column":14},"end":{"line":44,"column":47}},{"start":{"line":44,"column":51},"end":{"line":44,"column":55}}]},"4":{"line":55,"type":"if","locations":[{"start":{"line":55,"column":2},"end":{"line":55,"column":2}},{"start":{"line":55,"column":2},"end":{"line":55,"column":2}}]},"5":{"line":56,"type":"cond-expr","locations":[{"start":{"line":56,"column":21},"end":{"line":56,"column":25}},{"start":{"line":56,"column":28},"end":{"line":56,"column":33}}]},"6":{"line":57,"type":"if","locations":[{"start":{"line":57,"column":9},"end":{"line":57,"column":9}},{"start":{"line":57,"column":9},"end":{"line":57,"column":9}}]},"7":{"line":58,"type":"cond-expr","locations":[{"start":{"line":58,"column":27},"end":{"line":58,"column":52}},{"start":{"line":58,"column":55},"end":{"line":58,"column":60}}]},"8":{"line":59,"type":"if","locations":[{"start":{"line":59,"column":9},"end":{"line":59,"column":9}},{"start":{"line":59,"column":9},"end":{"line":59,"column":9}}]},"9":{"line":60,"type":"cond-expr","locations":[{"start":{"line":60,"column":27},"end":{"line":60,"column":62}},{"start":{"line":60,"column":65},"end":{"line":60,"column":80}}]},"10":{"line":61,"type":"if","locations":[{"start":{"line":61,"column":9},"end":{"line":61,"column":9}},{"start":{"line":61,"column":9},"end":{"line":61,"column":9}}]},"11":{"line":63,"type":"switch","locations":[{"start":{"line":64,"column":6},"end":{"line":68,"column":14}},{"start":{"line":69,"column":6},"end":{"line":73,"column":14}},{"start":{"line":74,"column":6},"end":{"line":75,"column":23}}]},"12":{"line":81,"type":"cond-expr","locations":[{"start":{"line":81,"column":100},"end":{"line":81,"column":125}},{"start":{"line":81,"column":128},"end":{"line":81,"column":139}}]}}}}