TN:
SF:/Users/fficnar/Projects/Shared Projects/JavaScript/nessa/webpack.config.js
FNF:0
FNH:0
DA:1,1
DA:3,1
DA:4,1
DA:5,1
DA:7,1
DA:9,1
DA:11,1
LF:7
LH:7
BRF:0
BRH:0
end_of_record
TN:
SF:/Users/fficnar/Projects/Shared Projects/JavaScript/nessa/library/file-system.js
FN:39,_interopRequireDefault
FN:46,(anonymous_2)
FN:47,(anonymous_3)
FN:56,(anonymous_4)
FN:63,(anonymous_5)
FN:68,(anonymous_6)
FN:75,(anonymous_7)
FN:76,(anonymous_8)
FNF:8
FNH:1
FNDA:9,_interopRequireDefault
FNDA:0,(anonymous_2)
FNDA:0,(anonymous_3)
FNDA:0,(anonymous_4)
FNDA:0,(anonymous_5)
FNDA:0,(anonymous_6)
FNDA:0,(anonymous_7)
FNDA:0,(anonymous_8)
DA:3,1
DA:5,1
DA:7,1
DA:9,1
DA:11,1
DA:13,1
DA:15,1
DA:17,1
DA:19,1
DA:21,1
DA:23,1
DA:25,1
DA:27,1
DA:29,1
DA:31,1
DA:33,1
DA:35,1
DA:37,1
DA:39,9
DA:41,1
DA:43,1
DA:44,1
DA:46,1
DA:47,0
DA:48,0
DA:49,0
DA:51,0
DA:56,1
DA:61,0
DA:63,0
DA:64,0
DA:68,1
DA:73,0
DA:75,0
DA:76,0
DA:77,0
DA:78,0
DA:80,0
DA:86,1
DA:87,1
DA:88,1
DA:89,1
DA:90,1
DA:91,1
DA:92,1
DA:93,1
DA:95,1
LF:47
LH:34
BRDA:39,1,0,0
BRDA:39,1,1,9
BRDA:39,2,0,9
BRDA:39,2,1,9
BRDA:48,3,0,0
BRDA:48,3,1,0
BRDA:77,4,0,0
BRDA:77,4,1,0
BRF:8
BRH:3
end_of_record
TN:
SF:/Users/fficnar/Projects/Shared Projects/JavaScript/nessa/library/log.js
FN:19,_interopRequireDefault
FN:24,(anonymous_2)
FN:30,(anonymous_3)
FN:63,(anonymous_4)
FN:76,(anonymous_5)
FN:80,(anonymous_6)
FN:96,(anonymous_7)
FN:106,(anonymous_8)
FN:168,(anonymous_9)
FN:174,(anonymous_10)
FN:183,(anonymous_11)
FN:192,(anonymous_12)
FN:201,(anonymous_13)
FN:211,(anonymous_14)
FN:246,(anonymous_15)
FNF:15
FNH:7
FNDA:4,_interopRequireDefault
FNDA:1,(anonymous_2)
FNDA:4180,(anonymous_3)
FNDA:0,(anonymous_4)
FNDA:1,(anonymous_5)
FNDA:1,(anonymous_6)
FNDA:1,(anonymous_7)
FNDA:0,(anonymous_8)
FNDA:0,(anonymous_9)
FNDA:0,(anonymous_10)
FNDA:0,(anonymous_11)
FNDA:0,(anonymous_12)
FNDA:0,(anonymous_13)
FNDA:564,(anonymous_14)
FNDA:0,(anonymous_15)
DA:3,1
DA:5,1
DA:7,1
DA:9,1
DA:11,1
DA:13,1
DA:15,1
DA:17,1
DA:19,4
DA:21,1
DA:23,1
DA:24,1
DA:26,1
DA:28,1
DA:30,1
DA:32,4180
DA:34,4180
DA:36,4180
DA:37,4180
DA:40,4180
DA:42,0
DA:46,0
DA:48,4180
DA:52,4180
DA:54,0
DA:60,4180
DA:63,1
DA:64,0
DA:67,0
DA:73,0
DA:76,1
DA:77,1
DA:80,1
DA:81,1
DA:84,1
DA:93,1
DA:96,1
DA:97,1
DA:100,1
DA:104,0
DA:106,0
DA:107,0
DA:108,0
DA:111,0
DA:112,0
DA:114,0
DA:115,0
DA:117,0
DA:119,0
DA:120,0
DA:122,0
DA:123,0
DA:125,0
DA:126,0
DA:128,0
DA:129,0
DA:131,0
DA:132,0
DA:134,0
DA:138,0
DA:140,0
DA:141,0
DA:143,0
DA:145,0
DA:148,0
DA:150,0
DA:152,0
DA:153,0
DA:156,0
DA:158,0
DA:159,0
DA:161,0
DA:162,0
DA:168,0
DA:169,0
DA:174,0
DA:175,0
DA:176,0
DA:179,0
DA:180,0
DA:183,0
DA:184,0
DA:185,0
DA:188,0
DA:189,0
DA:192,0
DA:193,0
DA:194,0
DA:197,0
DA:198,0
DA:201,0
DA:202,0
DA:203,0
DA:206,0
DA:207,0
DA:211,1
DA:213,564
DA:214,564
DA:215,564
DA:217,564
DA:219,0
DA:221,0
DA:222,0
DA:223,0
DA:224,0
DA:226,564
DA:227,564
DA:228,564
DA:229,564
DA:231,0
DA:232,0
DA:233,0
DA:236,564
DA:237,306
DA:239,258
DA:246,1
DA:247,0
DA:249,0
DA:252,1
LF:119
LH:47
BRDA:19,1,0,0
BRDA:19,1,1,4
BRDA:19,2,0,4
BRDA:19,2,1,4
BRDA:23,3,0,1
BRDA:23,3,1,0
BRDA:40,4,0,0
BRDA:40,4,1,4180
BRDA:40,4,2,0
BRDA:48,5,0,0
BRDA:48,5,1,4180
BRDA:60,6,0,4180
BRDA:60,6,1,0
BRDA:64,7,0,0
BRDA:64,7,1,0
BRDA:64,8,0,0
BRDA:64,8,1,0
BRDA:81,9,0,0
BRDA:81,9,1,1
BRDA:81,10,0,1
BRDA:81,10,1,0
BRDA:114,11,0,0
BRDA:114,11,1,0
BRDA:117,12,0,0
BRDA:117,12,1,0
BRDA:117,12,2,0
BRDA:117,12,3,0
BRDA:117,12,4,0
BRDA:117,12,5,0
BRDA:138,13,0,0
BRDA:138,13,1,0
BRDA:143,14,0,0
BRDA:143,14,1,0
BRDA:148,15,0,0
BRDA:148,15,1,0
BRDA:217,16,0,0
BRDA:217,16,1,0
BRDA:217,16,2,564
BRDA:217,16,3,0
BRDA:223,17,0,0
BRDA:223,17,1,0
BRDA:227,18,0,0
BRDA:227,18,1,564
BRDA:228,19,0,0
BRDA:228,19,1,564
BRDA:231,20,0,0
BRDA:231,20,1,0
BRDA:232,21,0,0
BRDA:232,21,1,0
BRDA:233,22,0,0
BRDA:233,22,1,0
BRDA:236,23,0,306
BRDA:236,23,1,258
BRDA:239,24,0,257
BRDA:239,24,1,1
BRDA:247,25,0,0
BRDA:247,25,1,0
BRDA:247,26,0,0
BRDA:247,26,1,0
BRF:59
BRH:16
end_of_record
TN:
SF:/Users/fficnar/Projects/Shared Projects/JavaScript/nessa/library/path.js
FN:15,_interopRequireDefault
FN:19,(anonymous_2)
FN:23,(anonymous_3)
FNF:3
FNH:1
FNDA:3,_interopRequireDefault
FNDA:0,(anonymous_2)
FNDA:0,(anonymous_3)
DA:3,1
DA:5,1
DA:7,1
DA:9,1
DA:11,1
DA:13,1
DA:15,3
DA:17,1
DA:19,1
DA:20,0
DA:23,1
DA:27,0
DA:30,1
LF:13
LH:11
BRDA:15,1,0,0
BRDA:15,1,1,3
BRDA:15,2,0,3
BRDA:15,2,1,3
BRDA:20,3,0,0
BRDA:20,3,1,0
BRF:6
BRH:3
end_of_record
TN:
SF:/Users/fficnar/Projects/Shared Projects/JavaScript/nessa/library/process.js
FN:23,_interopRequireDefault
FN:29,(anonymous_2)
FN:35,(anonymous_3)
FN:37,waitLoop
FN:41,(anonymous_5)
FN:43,(anonymous_6)
FN:60,(anonymous_7)
FN:85,(anonymous_8)
FN:100,(anonymous_9)
FN:112,(anonymous_10)
FN:135,(anonymous_11)
FN:143,(anonymous_12)
FNF:12
FNH:1
FNDA:5,_interopRequireDefault
FNDA:0,(anonymous_2)
FNDA:0,(anonymous_3)
FNDA:0,waitLoop
FNDA:0,(anonymous_5)
FNDA:0,(anonymous_6)
FNDA:0,(anonymous_7)
FNDA:0,(anonymous_8)
FNDA:0,(anonymous_9)
FNDA:0,(anonymous_10)
FNDA:0,(anonymous_11)
FNDA:0,(anonymous_12)
DA:3,1
DA:5,1
DA:7,1
DA:9,1
DA:11,1
DA:13,1
DA:15,1
DA:17,1
DA:19,1
DA:21,1
DA:23,5
DA:25,1
DA:27,1
DA:29,1
DA:33,0
DA:35,0
DA:37,0
DA:39,0
DA:41,0
DA:42,0
DA:43,0
DA:44,0
DA:46,0
DA:47,0
DA:48,0
DA:50,0
DA:51,0
DA:56,0
DA:60,1
DA:65,0
DA:66,0
DA:68,0
DA:71,0
DA:75,0
DA:76,0
DA:78,0
DA:79,0
DA:82,0
DA:85,1
DA:90,0
DA:92,0
DA:93,0
DA:96,0
DA:100,0
DA:101,0
DA:102,0
DA:103,0
DA:104,0
DA:109,0
DA:112,1
DA:113,0
DA:119,0
DA:121,0
DA:123,0
DA:127,0
DA:129,0
DA:132,0
DA:135,1
DA:136,0
DA:141,0
DA:143,0
DA:144,0
DA:147,0
DA:150,1
LF:64
LH:19
BRDA:23,1,0,0
BRDA:23,1,1,5
BRDA:23,2,0,5
BRDA:23,2,1,5
BRDA:42,3,0,0
BRDA:42,3,1,0
BRDA:42,4,0,0
BRDA:42,4,1,0
BRDA:46,5,0,0
BRDA:46,5,1,0
BRDA:92,6,0,0
BRDA:92,6,1,0
BRDA:113,7,0,0
BRDA:113,7,1,0
BRDA:113,8,0,0
BRDA:113,8,1,0
BRDA:121,9,0,0
BRDA:121,9,1,0
BRDA:136,10,0,0
BRDA:136,10,1,0
BRDA:136,11,0,0
BRDA:136,11,1,0
BRF:22
BRH:3
end_of_record
TN:
SF:/Users/fficnar/Projects/Shared Projects/JavaScript/nessa/library/errors/argument-error.js
FN:3,ArgumentError
FNF:1
FNH:0
FNDA:0,ArgumentError
DA:3,1
DA:5,0
DA:6,0
DA:8,0
DA:11,1
DA:12,1
DA:13,1
DA:15,1
LF:8
LH:5
BRF:0
BRH:0
end_of_record
TN:
SF:/Users/fficnar/Projects/Shared Projects/JavaScript/nessa/library/errors/process-error.js
FN:3,ProcessError
FNF:1
FNH:0
FNDA:0,ProcessError
DA:3,1
DA:5,0
DA:6,0
DA:8,0
DA:9,0
DA:12,1
DA:13,1
DA:14,1
DA:16,1
LF:9
LH:5
BRF:0
BRH:0
end_of_record
TN:
SF:/Users/fficnar/Projects/Shared Projects/JavaScript/nessa/library/transform.js
FN:63,_interopRequireDefault
FN:68,(anonymous_2)
FN:74,processNode
FN:138,processBlock
FN:145,(anonymous_5)
FN:153,processCase
FN:158,(anonymous_7)
FN:164,processWhen
FN:188,processCode
FN:214,processComment
FN:224,processBlockComment
FN:229,(anonymous_12)
FN:231,(anonymous_13)
FN:233,(anonymous_14)
FN:235,(anonymous_15)
FN:241,processConditional
FN:258,processEach
FN:275,processWhile
FN:290,processNamedBlock
FN:298,processFilter
FN:302,(anonymous_21)
FN:304,(anonymous_22)
FN:357,processMixin
FN:372,(anonymous_24)
FN:380,(anonymous_25)
FN:397,(anonymous_26)
FN:405,processMixinBlock
FN:410,processTag
FN:431,(anonymous_29)
FN:434,(anonymous_30)
FN:442,(anonymous_31)
FN:459,processAttribute
FN:484,processAttributeBlock
FN:505,processText
FN:545,(anonymous_35)
FN:565,(anonymous_36)
FN:577,(anonymous_37)
FN:595,(anonymous_38)
FNF:38
FNH:37
FNDA:14,_interopRequireDefault
FNDA:83,(anonymous_2)
FNDA:519,processNode
FNDA:122,processBlock
FNDA:208,(anonymous_5)
FNDA:4,processCase
FNDA:12,(anonymous_7)
FNDA:12,processWhen
FNDA:65,processCode
FNDA:31,processComment
FNDA:2,processBlockComment
FNDA:3,(anonymous_12)
FNDA:3,(anonymous_13)
FNDA:3,(anonymous_14)
FNDA:2,(anonymous_15)
FNDA:8,processConditional
FNDA:6,processEach
FNDA:1,processWhile
FNDA:6,processNamedBlock
FNDA:4,processFilter
FNDA:7,(anonymous_21)
FNDA:3,(anonymous_22)
FNDA:16,processMixin
FNDA:2,(anonymous_24)
FNDA:1,(anonymous_25)
FNDA:7,(anonymous_26)
FNDA:1,processMixinBlock
FNDA:157,processTag
FNDA:82,(anonymous_29)
FNDA:3,(anonymous_30)
FNDA:200,(anonymous_31)
FNDA:84,processAttribute
FNDA:3,processAttributeBlock
FNDA:118,processText
FNDA:83,(anonymous_35)
FNDA:0,(anonymous_36)
FNDA:83,(anonymous_37)
FNDA:80,(anonymous_38)
DA:3,1
DA:5,1
DA:7,1
DA:9,1
DA:11,1
DA:13,1
DA:15,1
DA:17,1
DA:19,1
DA:21,1
DA:23,1
DA:25,1
DA:27,1
DA:29,1
DA:31,1
DA:33,1
DA:35,1
DA:37,1
DA:39,1
DA:41,1
DA:43,1
DA:45,1
DA:47,1
DA:49,1
DA:51,1
DA:53,1
DA:55,1
DA:57,1
DA:59,1
DA:61,1
DA:63,14
DA:66,1
DA:68,1
DA:69,83
DA:70,83
DA:71,83
DA:72,83
DA:74,83
DA:75,519
DA:76,519
DA:78,519
DA:80,88
DA:81,85
DA:83,4
DA:84,4
DA:86,12
DA:87,12
DA:89,65
DA:90,63
DA:92,31
DA:93,31
DA:95,2
DA:96,2
DA:98,8
DA:99,8
DA:101,6
DA:102,6
DA:104,1
DA:105,1
DA:110,6
DA:111,6
DA:113,4
DA:114,4
DA:122,16
DA:123,16
DA:125,1
DA:126,1
DA:128,157
DA:129,152
DA:131,118
DA:132,118
DA:134,0
DA:138,83
DA:139,122
DA:140,122
DA:142,122
DA:143,122
DA:144,122
DA:145,122
DA:146,208
DA:148,119
DA:149,119
DA:153,83
DA:154,4
DA:155,4
DA:157,4
DA:158,4
DA:159,12
DA:161,4
DA:164,83
DA:165,12
DA:166,12
DA:168,12
DA:169,4
DA:170,4
DA:173,8
DA:175,8
DA:177,7
DA:180,6
DA:183,7
DA:188,83
DA:189,65
DA:190,65
DA:191,65
DA:192,65
DA:194,65
DA:195,30
DA:196,28
DA:198,2
DA:202,35
DA:204,35
DA:205,2
DA:206,2
DA:207,2
DA:209,33
DA:214,83
DA:215,31
DA:216,31
DA:217,31
DA:219,31
DA:220,1
DA:224,83
DA:225,2
DA:226,2
DA:228,2
DA:229,1
DA:230,3
DA:232,3
DA:234,3
DA:236,2
DA:241,83
DA:242,8
DA:243,8
DA:245,8
DA:246,8
DA:247,8
DA:249,8
DA:251,8
DA:252,7
DA:253,7
DA:254,7
DA:258,83
DA:259,6
DA:260,6
DA:261,6
DA:262,6
DA:264,6
DA:265,6
DA:266,6
DA:268,6
DA:269,6
DA:270,1
DA:272,6
DA:275,83
DA:276,1
DA:277,1
DA:279,1
DA:280,1
DA:281,1
DA:283,1
DA:290,83
DA:291,6
DA:292,6
DA:293,6
DA:295,6
DA:298,83
DA:299,4
DA:300,4
DA:302,4
DA:303,7
DA:305,3
DA:308,4
DA:310,4
DA:311,4
DA:312,4
DA:314,4
DA:315,3
DA:317,1
DA:357,83
DA:358,16
DA:359,16
DA:360,16
DA:362,16
DA:364,10
DA:366,10
DA:367,2
DA:368,2
DA:369,2
DA:372,10
DA:373,2
DA:376,10
DA:377,1
DA:378,1
DA:379,1
DA:380,1
DA:381,1
DA:383,1
DA:384,1
DA:387,10
DA:388,10
DA:389,10
DA:390,10
DA:391,10
DA:393,10
DA:395,6
DA:396,6
DA:397,6
DA:398,7
DA:400,6
DA:401,6
DA:405,83
DA:406,1
DA:407,1
DA:410,83
DA:411,157
DA:412,157
DA:413,157
DA:415,157
DA:416,1
DA:419,156
DA:421,156
DA:422,62
DA:423,62
DA:424,62
DA:427,156
DA:428,3
DA:431,156
DA:432,82
DA:434,156
DA:435,3
DA:438,156
DA:439,133
DA:440,133
DA:441,133
DA:442,133
DA:443,200
DA:445,129
DA:446,129
DA:449,152
DA:450,152
DA:451,152
DA:452,152
DA:453,152
DA:455,152
DA:459,83
DA:460,84
DA:462,84
DA:463,84
DA:464,84
DA:465,84
DA:467,84
DA:468,82
DA:470,2
DA:473,84
DA:475,84
DA:476,84
DA:477,44
DA:479,40
DA:481,84
DA:484,83
DA:485,3
DA:486,3
DA:488,3
DA:494,3
DA:495,3
DA:496,3
DA:498,3
DA:499,3
DA:500,3
DA:502,3
DA:505,83
DA:506,118
DA:507,118
DA:508,118
DA:523,83
DA:532,83
DA:534,83
DA:536,83
DA:537,83
DA:538,83
DA:539,80
DA:540,80
DA:542,80
DA:545,1
DA:546,83
DA:548,83
DA:550,83
DA:552,83
DA:553,83
DA:554,83
DA:555,80
DA:557,80
DA:559,80
DA:562,80
DA:565,1
DA:566,0
DA:568,0
DA:570,0
DA:571,0
DA:572,0
DA:574,0
DA:577,1
DA:578,83
DA:580,83
DA:584,83
DA:586,83
DA:587,83
DA:590,80
DA:592,80
DA:595,1
DA:596,80
DA:598,80
DA:600,80
DA:606,80
DA:614,80
DA:615,80
DA:617,80
DA:620,1
LF:318
LH:311
BRDA:63,1,0,0
BRDA:63,1,1,14
BRDA:63,2,0,14
BRDA:63,2,1,14
BRDA:78,3,0,88
BRDA:78,3,1,4
BRDA:78,3,2,12
BRDA:78,3,3,65
BRDA:78,3,4,31
BRDA:78,3,5,2
BRDA:78,3,6,8
BRDA:78,3,7,6
BRDA:78,3,8,1
BRDA:78,3,9,6
BRDA:78,3,10,4
BRDA:78,3,11,16
BRDA:78,3,12,1
BRDA:78,3,13,157
BRDA:78,3,14,118
BRDA:78,3,15,0
BRDA:142,4,0,122
BRDA:142,4,1,0
BRDA:168,5,0,4
BRDA:168,5,1,8
BRDA:175,6,0,7
BRDA:175,6,1,1
BRDA:177,7,0,1
BRDA:177,7,1,6
BRDA:177,8,0,7
BRDA:177,8,1,7
BRDA:177,8,2,1
BRDA:194,9,0,30
BRDA:194,9,1,35
BRDA:195,10,0,28
BRDA:195,10,1,2
BRDA:204,11,0,2
BRDA:204,11,1,33
BRDA:219,12,0,1
BRDA:219,12,1,30
BRDA:228,13,0,1
BRDA:228,13,1,1
BRDA:246,14,0,8
BRDA:246,14,1,0
BRDA:251,15,0,7
BRDA:251,15,1,1
BRDA:264,16,0,2
BRDA:264,16,1,4
BRDA:265,17,0,6
BRDA:265,17,1,0
BRDA:269,18,0,1
BRDA:269,18,1,5
BRDA:280,19,0,1
BRDA:280,19,1,0
BRDA:314,20,0,3
BRDA:314,20,1,1
BRDA:362,21,0,10
BRDA:362,21,1,6
BRDA:366,22,0,2
BRDA:366,22,1,8
BRDA:376,23,0,1
BRDA:376,23,1,9
BRDA:376,24,0,10
BRDA:376,24,1,1
BRDA:389,25,0,2
BRDA:389,25,1,8
BRDA:390,26,0,1
BRDA:390,26,1,9
BRDA:390,27,0,10
BRDA:390,27,1,1
BRDA:391,28,0,6
BRDA:391,28,1,4
BRDA:395,29,0,4
BRDA:395,29,1,2
BRDA:415,30,0,1
BRDA:415,30,1,156
BRDA:421,31,0,62
BRDA:421,31,1,94
BRDA:421,32,0,156
BRDA:421,32,1,94
BRDA:427,33,0,3
BRDA:427,33,1,153
BRDA:438,34,0,133
BRDA:438,34,1,23
BRDA:452,35,0,61
BRDA:452,35,1,91
BRDA:452,36,0,152
BRDA:452,36,1,91
BRDA:453,37,0,129
BRDA:453,37,1,23
BRDA:460,38,0,2
BRDA:460,38,1,82
BRDA:460,39,0,84
BRDA:460,39,1,2
BRDA:467,40,0,82
BRDA:467,40,1,2
BRDA:476,41,0,44
BRDA:476,41,1,40
BRDA:552,42,0,83
BRDA:552,42,1,0
BRDA:552,43,0,83
BRDA:552,43,1,83
BRDA:598,44,0,80
BRDA:598,44,1,0
BRF:103
BRH:95
end_of_record
TN:
SF:/Users/fficnar/Projects/Shared Projects/JavaScript/nessa/library/errors/unsupported-error.js
FN:3,UnSupportedError
FNF:1
FNH:1
FNDA:3,UnSupportedError
DA:3,1
DA:5,3
DA:6,3
DA:8,3
DA:9,3
DA:12,1
DA:13,1
DA:14,1
DA:16,1
LF:9
LH:9
BRF:0
BRH:0
end_of_record
TN:
SF:/Users/fficnar/Projects/Shared Projects/JavaScript/nessa/library/utilities.js
FN:23,_interopRequireDefault
FN:31,(anonymous_2)
FN:42,(anonymous_3)
FN:49,(anonymous_4)
FN:65,(anonymous_5)
FN:70,(anonymous_6)
FN:87,(anonymous_7)
FN:98,(anonymous_8)
FN:105,(anonymous_9)
FNF:9
FNH:9
FNDA:5,_interopRequireDefault
FNDA:152,(anonymous_2)
FNDA:74,(anonymous_3)
FNDA:76,(anonymous_4)
FNDA:2,(anonymous_5)
FNDA:2,(anonymous_6)
FNDA:42,(anonymous_7)
FNDA:9,(anonymous_8)
FNDA:17,(anonymous_9)
DA:3,1
DA:5,1
DA:7,1
DA:9,1
DA:11,1
DA:13,1
DA:15,1
DA:17,1
DA:19,1
DA:21,1
DA:23,5
DA:25,1
DA:29,1
DA:31,1
DA:32,152
DA:35,152
DA:36,456
DA:39,152
DA:42,1
DA:44,74
DA:45,74
DA:46,74
DA:49,1
DA:53,76
DA:55,76
DA:56,4
DA:57,72
DA:58,66
DA:59,6
DA:60,3
DA:61,3
DA:63,3
DA:65,2
DA:66,2
DA:68,2
DA:70,1
DA:71,2
DA:73,1
DA:75,0
DA:78,0
DA:81,76
DA:82,76
DA:84,76
DA:87,1
DA:88,42
DA:89,42
DA:93,42
DA:94,42
DA:95,42
DA:98,1
DA:99,9
DA:101,9
DA:105,9
DA:106,17
DA:107,17
DA:110,9
DA:113,1
LF:57
LH:55
BRDA:23,1,0,0
BRDA:23,1,1,5
BRDA:23,2,0,5
BRDA:23,2,1,5
BRDA:44,3,0,74
BRDA:44,3,1,41
BRDA:55,4,0,4
BRDA:55,4,1,72
BRDA:56,5,0,3
BRDA:56,5,1,1
BRDA:57,6,0,66
BRDA:57,6,1,6
BRDA:58,7,0,0
BRDA:58,7,1,66
BRDA:59,8,0,3
BRDA:59,8,1,3
BRDA:60,9,0,2
BRDA:60,9,1,1
BRDA:61,10,0,3
BRDA:61,10,1,0
BRDA:63,11,0,2
BRDA:63,11,1,1
BRDA:63,11,2,0
BRDA:81,12,0,2
BRDA:81,12,1,74
BRF:25
BRH:21
end_of_record
